2014-10-23 17:45:13+0800 [scrapy] ERROR: '======================================='
2014-10-23 18:51:50+0800 [kimissValue] ERROR: Obtaining request from start requests
	Traceback (most recent call last):
	  File "/usr/lib/python2.7/dist-packages/twisted/internet/base.py", line 1169, in run
	    self.mainLoop()
	  File "/usr/lib/python2.7/dist-packages/twisted/internet/base.py", line 1178, in mainLoop
	    self.runUntilCurrent()
	  File "/usr/lib/python2.7/dist-packages/twisted/internet/base.py", line 800, in runUntilCurrent
	    call.func(*call.args, **call.kw)
	  File "/usr/lib/pymodules/python2.7/scrapy/utils/reactor.py", line 41, in __call__
	    return self._func(*self._a, **self._kw)
	--- <exception caught here> ---
	  File "/usr/lib/pymodules/python2.7/scrapy/core/engine.py", line 111, in _next_request
	    request = next(slot.start_requests)
	  File "/home/kim/repository_my/repository_a/pengbo/kimissValue/kimissValue/spiders/kimissValue_spider.py", line 37, in start_requests
	    self.urlAll.clear()
	exceptions.AttributeError: 'list' object has no attribute 'clear'
	
2014-10-23 18:58:35+0800 [scrapy] ERROR: '======================================='
2014-10-23 18:58:35+0800 [kimissValue] ERROR: Spider error processing <GET http://product.kimiss.com/product/23478/1/>
	Traceback (most recent call last):
	  File "/usr/lib/python2.7/dist-packages/twisted/internet/base.py", line 800, in runUntilCurrent
	    call.func(*call.args, **call.kw)
	  File "/usr/lib/python2.7/dist-packages/twisted/internet/task.py", line 595, in _tick
	    taskObj._oneWorkUnit()
	  File "/usr/lib/python2.7/dist-packages/twisted/internet/task.py", line 472, in _oneWorkUnit
	    result = self._iterator.next()
	  File "/usr/lib/pymodules/python2.7/scrapy/utils/defer.py", line 57, in <genexpr>
	    work = (callable(elem, *args, **named) for elem in iterable)
	--- <exception caught here> ---
	  File "/usr/lib/pymodules/python2.7/scrapy/utils/defer.py", line 96, in iter_errback
	    yield next(it)
	  File "/usr/lib/pymodules/python2.7/scrapy/contrib/spidermiddleware/offsite.py", line 23, in process_spider_output
	    for x in result:
	  File "/usr/lib/pymodules/python2.7/scrapy/contrib/spidermiddleware/referer.py", line 22, in <genexpr>
	    return (_set_referer(r) for r in result or ())
	  File "/usr/lib/pymodules/python2.7/scrapy/contrib/spidermiddleware/urllength.py", line 33, in <genexpr>
	    return (r for r in result or () if _filter(r))
	  File "/usr/lib/pymodules/python2.7/scrapy/contrib/spidermiddleware/depth.py", line 50, in <genexpr>
	    return (r for r in result or () if _filter(r))
	  File "/home/kim/repository_my/repository_a/pengbo/kimissValue/kimissValue/spiders/kimissValue_spider.py", line 141, in kaka
	    url_url_url="http://product.kimiss.com/product/"+str(hea['producy_id'])+"/"+str(letter)+"/"
	exceptions.KeyError: 'producy_id'
	
2014-10-23 19:03:36+0800 [scrapy] ERROR: '======================================='
2014-10-23 19:03:37+0800 [scrapy] ERROR: '======================================='
2014-10-23 20:06:40+0800 [scrapy] ERROR: '======================================='
2014-10-23 20:06:41+0800 [scrapy] ERROR: '======================================='
