2014-09-09 19:28:02+0800 [scrapy] INFO: Scrapy 0.22.2 started (bot: baiduzhidao)
2014-09-09 19:28:02+0800 [scrapy] INFO: Optional features available: ssl, http11
2014-09-09 19:28:02+0800 [scrapy] INFO: Overridden settings: {'NEWSPIDER_MODULE': 'baiduzhidao.spiders', 'CONCURRENT_REQUESTS_PER_DOMAIN': 1, 'SPIDER_MODULES': ['baiduzhidao.spiders'], 'RETRY_HTTP_CODES': [500, 503, 504, 400, 408], 'BOT_NAME': 'baiduzhidao', 'COOKIES_ENABLED': False, 'DOWNLOADER_DEBUG': True, 'SCHEDULER_MEMORY_QUEUE': 'scrapy.squeue.FifoMemoryQueue', 'LOG_FILE': 'zhidao.log', 'SCHEDULER_DISK_QUEUE': 'scrapy.squeue.PickleFifoDiskQueue'}
2014-09-09 19:28:02+0800 [scrapy] INFO: Enabled extensions: LogStats, TelnetConsole, CloseSpider, WebService, CoreStats, SpiderState
2014-09-09 19:28:02+0800 [scrapy] INFO: Enabled downloader middlewares: HttpAuthMiddleware, DownloadTimeoutMiddleware, RandomUserAgentMiddleware, RetryMiddleware, DefaultHeadersMiddleware, MetaRefreshMiddleware, HttpCompressionMiddleware, RedirectMiddleware, ChunkedTransferMiddleware, DownloaderStats
2014-09-09 19:28:02+0800 [scrapy] INFO: Enabled spider middlewares: HttpErrorMiddleware, OffsiteMiddleware, RefererMiddleware, UrlLengthMiddleware, DepthMiddleware
2014-09-09 19:28:02+0800 [scrapy] INFO: Enabled item pipelines: BaiduzhidaoPipeline
2014-09-09 19:28:02+0800 [zhidao] INFO: Spider opened
2014-09-09 19:28:02+0800 [zhidao] INFO: Crawled 0 pages (at 0 pages/min), scraped 0 items (at 0 items/min)
2014-09-09 19:28:02+0800 [scrapy] DEBUG: Telnet console listening on 0.0.0.0:6023
2014-09-09 19:28:02+0800 [scrapy] DEBUG: Web service listening on 0.0.0.0:6080
2014-09-09 19:28:02+0800 [zhidao] DEBUG: Crawled (200) <GET http://zhidao.baidu.com/question/575927831.html> (referer: None)
2014-09-09 19:28:02+0800 [zhidao] DEBUG: Scraped from <200 http://zhidao.baidu.com/question/575927831.html>
	{'category': u'\u795b\u6591/\u795b\u75d8',
	 'content': u'\u621118\u5c81\uff0c\u9002\u4e0d\u9002\u5408\u4f7f\u7528\u8fd9\u4e2a\uff0c\u8fd8\u6709\u795b\u75d8\u6548\u679c\u600e\u4e48\u6837\uff1f',
	 'questionId': '575927831',
	 'supplyContent': '',
	 'time': u'2013-08-01 14:40',
	 'title': u'\u5df4\u9ece\u6b27\u83b1\u96c5\u7537\u58eb\u706b\u5c71\u5ca9\u63a7\u6cb9\u6e05\u75d8\u6d01\u9762\u818f\u9002\u5408\u7684\u5e74\u9f84\u6bb5\u662f\u591a\u5927\uff1f',
	 'url': 'http://zhidao.baidu.com/question/575927831.html',
	 'userName': u'\u4f9d\u65e7\u7559\u541b\u9189'}
2014-09-09 19:28:02+0800 [zhidao] DEBUG: Scraped from <200 http://zhidao.baidu.com/question/575927831.html>
	{'answerId': u'1449149933',
	 'content': u'\u8fd9\u4e2a\u7537\u58eb\u7684\u6d01\u9762\u54c1\u724c\u6ca1\u6709\u4ec0\u4e48\u9002\u5408\u4ec0\u4e48\u5e74\u9f84\u7684 \u6bd5\u7adf\u4e0d\u50cf\u5973\u58eb\u90a3\u6837\u590d\u6742 \u795b\u75d8\u6548\u679c?\u522b\u5f00\u73a9\u7b11\u4e86 \u6307\u671b\u4e00\u4e2a\u51e0\u5341\u5757\u94b1\u7684\u6d17\u9762\u5976\u795b\u75d8?\u5f53\u7136\u4e0d\u53ef\u80fd\u4e86 \u4e5f\u5c31\u662f\u57fa\u672c\u7684\u6e05\u6d01\u4f5c\u7528 \u4f60\u5341\u516b\u5c81\u957f\u75d8\u75d8\u5f88\u6b63\u5e38\u554a \u73b0\u5728\u4e0d\u8981\u60f3\u7528\u4ec0\u4e48\u5316\u5986\u54c1\u795b\u75d8 \u4f1a\u53d7\u523a\u6fc0\u7684 \u7b49\u4e8c\u5341\u591a\u5c81\u5982\u679c\u8fd8\u6709\u75d8\u75d8\u7684\u8bdd\u518d\u8bf4',
	 'likeNum': u'52',
	 'questionId': '575927831',
	 'time': u'2013-08-02 10:00',
	 'userName': u'\u5b89\u5a1c4797'}
2014-09-09 19:28:02+0800 [zhidao] DEBUG: Scraped from <200 http://zhidao.baidu.com/question/575927831.html>
	{'answerId': u'1449291964',
	 'content': u'15~46  \u5e74\u9f84\u4e0d\u91cd\u8981  \u80fd\u53bb\u75d8\u5c31\u597d',
	 'likeNum': u'30',
	 'questionId': '575927831',
	 'time': u'2013-08-02 12:47',
	 'userName': u'\u604b\u7231\u7684\u8eb2\u732b\u732b'}
2014-09-09 19:28:02+0800 [zhidao] DEBUG: Scraped from <200 http://zhidao.baidu.com/question/575927831.html>
	{'answerId': u'1458319511',
	 'content': u'\u8fd8\u4e0d\u9519\uff0c\u5c31\u662f\u5473\u9053\u6709\u70b9\u602a',
	 'likeNum': u'27',
	 'questionId': '575927831',
	 'time': u'2013-08-14 14:58',
	 'userName': u'yyb\u6200'}
2014-09-09 19:28:02+0800 [zhidao] DEBUG: Scraped from <200 http://zhidao.baidu.com/question/575927831.html>
	{'answerId': u'1779545484',
	 'content': u'3\u5c81\u4ee5\u4e0a\u90fd\u53ef\u4ee5',
	 'likeNum': u'1',
	 'questionId': '575927831',
	 'time': u'2014-08-14 12:54',
	 'userName': u'whp002b'}
2014-09-09 19:28:02+0800 [zhidao] DEBUG: Scraped from <200 http://zhidao.baidu.com/question/575927831.html>
	{'answerId': u'1461751768',
	 'content': u'\u5305\u88c5\u4e0a\u5199\u4e09\u5c81\u4ee5\u4e0b\u513f\u7ae5\u5fcc\u7528',
	 'likeNum': u'17',
	 'questionId': '575927831',
	 'time': u'2013-08-19 10:40',
	 'userName': u'\u70ed\u5fc3\u7f51\u53cb'}
2014-09-09 19:28:02+0800 [zhidao] DEBUG: Scraped from <200 http://zhidao.baidu.com/question/575927831.html>
	{'answerId': u'1450767139',
	 'content': u'18-30\u5c81\u7684',
	 'likeNum': u'12',
	 'questionId': '575927831',
	 'time': u'2013-08-04 13:58',
	 'userName': u'\u4e3d\u4e3d\u5e78\u798f\u662f\u6211'}
2014-09-09 19:28:02+0800 [zhidao] DEBUG: Scraped from <200 http://zhidao.baidu.com/question/575927831.html>
	{'likeNum': u'4',
	 'questionId': '575927831',
	 'relatedId': u'576462600',
	 'time': u'2013-08-02',
	 'title': u'\u5df4\u9ece\u6b27\u83b1\u96c5\u7537\u58eb\u706b\u5c71\u5ca9\u63a7\u6cb9\u6e05\u75d8\u6d01\u9762\u818f \u4f1a\u4e0d\u4f1a\u5bf9\u76ae\u80a4\u8fc7\u654f\uff1f \u522b\u4eba...'}
2014-09-09 19:28:02+0800 [zhidao] DEBUG: Scraped from <200 http://zhidao.baidu.com/question/575927831.html>
	{'likeNum': u'750',
	 'questionId': '575927831',
	 'relatedId': u'568596933',
	 'time': u'2013-07-22',
	 'title': u'\u6b27\u83b1\u96c5\u7537\u58eb\u706b\u5c71\u5ca9\u63a7\u6cb9\u6e05\u75d8\u597d\u7528\u5417\uff1f'}
2014-09-09 19:28:02+0800 [zhidao] DEBUG: Scraped from <200 http://zhidao.baidu.com/question/575927831.html>
	{'likeNum': 0,
	 'questionId': '575927831',
	 'relatedId': u'1946213295829331828',
	 'time': u'2014-08-07',
	 'title': u'\u5df4\u9ece\u6b27\u83b1\u96c5\u7537\u58eb\u706b\u5c71\u5ca9\u7528\u5b8c\u600e\u4e48\u75d8\u75d8\u53d8\u591a\u4e86?'}
2014-09-09 19:28:02+0800 [zhidao] DEBUG: Scraped from <200 http://zhidao.baidu.com/question/575927831.html>
	{'likeNum': u'1',
	 'questionId': '575927831',
	 'relatedId': u'744113617066012252',
	 'time': u'2014-04-22',
	 'title': u'\u5df4\u9ece\u6b27\u83b1\u96c5\u706b\u5c71\u5ca9\u63a7\u6cb9\u6e05\u75d8\u6d01\u9762\u818f\u600e\u4e48\u6837'}
2014-09-09 19:28:02+0800 [zhidao] DEBUG: Scraped from <200 http://zhidao.baidu.com/question/575927831.html>
	{'likeNum': u'368',
	 'questionId': '575927831',
	 'relatedId': u'561427054',
	 'time': u'2013-06-24',
	 'title': u'\u95ee\u4e00\u4e0b\uff0c\u6b27\u83b1\u96c5\u7537\u58eb\u706b\u5c71\u5ca9\u63a7\u6cb9\u6e05\u75d8\u6d01\u9762\u818f\u4e3a\u4ec0\u4e48\u8fd9\u4e48\u7ea2\u5462\uff0c'}
2014-09-09 19:28:02+0800 [zhidao] DEBUG: Scraped from <200 http://zhidao.baidu.com/question/575927831.html>
	{'likeNum': u'7',
	 'questionId': '575927831',
	 'relatedId': u'108715477',
	 'time': u'2009-07-30',
	 'title': u'\u5df4\u9ece\u6b27\u83b1\u96c5\u7537\u58eb\u63a7\u6cb9\u7cfb\u5217\u5e7f\u544a\u4ee3\u8a00\u4eba\u662f\u8c01?'}
2014-09-09 19:28:02+0800 [zhidao] DEBUG: Scraped from <200 http://zhidao.baidu.com/question/575927831.html>
	{'likeNum': u'126',
	 'questionId': '575927831',
	 'relatedId': u'108330563',
	 'time': u'2009-08-05',
	 'title': u'\u5df4\u9ece\u6b27\u83b1\u96c5\u9002\u5e94\u5e74\u9f84'}
2014-09-09 19:28:02+0800 [zhidao] DEBUG: Scraped from <200 http://zhidao.baidu.com/question/575927831.html>
	{'likeNum': u'32',
	 'questionId': '575927831',
	 'relatedId': u'154983145',
	 'time': u'2010-06-07',
	 'title': u'\u5df4\u9ece\u6b27\u83b1\u96c5\u4ee3\u8a00\u4eba\u6f58\u73ae\u67cf'}
2014-09-09 19:28:02+0800 [zhidao] DEBUG: Scraped from <200 http://zhidao.baidu.com/question/575927831.html>
	{'likeNum': u'39',
	 'questionId': '575927831',
	 'relatedId': u'97409498',
	 'time': u'2009-05-24',
	 'title': u'\u5df4\u9ece\u6b27\u83b1\u96c5\u7537\u58eb\u5316\u5986\u54c1\u95ee\u9898'}
2014-09-09 19:28:02+0800 [zhidao] DEBUG: Scraped from <200 http://zhidao.baidu.com/question/575927831.html>
	{'likeNum': 0,
	 'questionId': '575927831',
	 'relatedId': u'298787148',
	 'time': u'2011-08-17',
	 'title': u'\u5df4\u9ece\u6b27\u83b1\u96c5\u63a7\u6cb9\u4ea7\u54c1 \u5982\u4f55?'}
2014-09-09 19:28:02+0800 [zhidao] DEBUG: Crawled (200) <GET http://cp.zhidao.baidu.com/v.php?q=575927831> (referer: http://zhidao.baidu.com/question/575927831.html)
2014-09-09 19:28:02+0800 [zhidao] DEBUG: Scraped from <200 http://cp.zhidao.baidu.com/v.php?q=575927831>
	{'questionId': '575927831', 'viewNum': '5646'}
2014-09-09 19:28:02+0800 [zhidao] INFO: Closing spider (finished)
2014-09-09 19:28:02+0800 [zhidao] INFO: Dumping Scrapy stats:
	{'downloader/request_bytes': 592,
	 'downloader/request_count': 2,
	 'downloader/request_method_count/GET': 2,
	 'downloader/response_bytes': 45423,
	 'downloader/response_count': 2,
	 'downloader/response_status_count/200': 2,
	 'finish_reason': 'finished',
	 'finish_time': datetime.datetime(2014, 9, 9, 11, 28, 2, 539936),
	 'item_scraped_count': 18,
	 'log_count/DEBUG': 22,
	 'log_count/INFO': 7,
	 'request_depth_max': 1,
	 'response_received_count': 2,
	 'scheduler/dequeued': 2,
	 'scheduler/dequeued/memory': 2,
	 'scheduler/enqueued': 2,
	 'scheduler/enqueued/memory': 2,
	 'start_time': datetime.datetime(2014, 9, 9, 11, 28, 2, 120456)}
2014-09-09 19:28:02+0800 [zhidao] INFO: Spider closed (finished)
