not finded new package
not finded new package
not finded new package
finded new package 20150424
rm -rf /data/zhidao/20150424_54646b62ecb8d437130006ee@spider25-dbn9.rhcloud.com/
mkdir /data/zhidao/20150424_54646b62ecb8d437130006ee@spider25-dbn9.rhcloud.com/
tar -zxvf /data/zhidao/20150424_54646b62ecb8d437130006ee@spider25-dbn9.rhcloud.com.tar.gz -C /data/zhidao/20150424_54646b62ecb8d437130006ee@spider25-dbn9.rhcloud.com/
rm -rf /data/zhidao/20150424_543a84ede0b8cd610b00046b@spider3-dbn2.rhcloud.com/
mkdir /data/zhidao/20150424_543a84ede0b8cd610b00046b@spider3-dbn2.rhcloud.com/
tar -zxvf /data/zhidao/20150424_543a84ede0b8cd610b00046b@spider3-dbn2.rhcloud.com.tar.gz -C /data/zhidao/20150424_543a84ede0b8cd610b00046b@spider3-dbn2.rhcloud.com/
rm -rf /data/zhidao/20150424_5445031f5004469e9d00007d@spider17-dbn6.rhcloud.com/
mkdir /data/zhidao/20150424_5445031f5004469e9d00007d@spider17-dbn6.rhcloud.com/
tar -zxvf /data/zhidao/20150424_5445031f5004469e9d00007d@spider17-dbn6.rhcloud.com.tar.gz -C /data/zhidao/20150424_5445031f5004469e9d00007d@spider17-dbn6.rhcloud.com/
rm -rf /data/zhidao/20150424_543a70ed5973ca017e00006f@spider2-dbn.rhcloud.com/
mkdir /data/zhidao/20150424_543a70ed5973ca017e00006f@spider2-dbn.rhcloud.com/
tar -zxvf /data/zhidao/20150424_543a70ed5973ca017e00006f@spider2-dbn.rhcloud.com.tar.gz -C /data/zhidao/20150424_543a70ed5973ca017e00006f@spider2-dbn.rhcloud.com/
rm -rf /data/zhidao/20150424_5464723fe0b8cd8060000146@spider29-dbn10.rhcloud.com/
mkdir /data/zhidao/20150424_5464723fe0b8cd8060000146@spider29-dbn10.rhcloud.com/
tar -zxvf /data/zhidao/20150424_5464723fe0b8cd8060000146@spider29-dbn10.rhcloud.com.tar.gz -C /data/zhidao/20150424_5464723fe0b8cd8060000146@spider29-dbn10.rhcloud.com/
rm -rf /data/zhidao/20150424_544508f1500446f5f4000425@spider22-dbn8.rhcloud.com/
mkdir /data/zhidao/20150424_544508f1500446f5f4000425@spider22-dbn8.rhcloud.com/
tar -zxvf /data/zhidao/20150424_544508f1500446f5f4000425@spider22-dbn8.rhcloud.com.tar.gz -C /data/zhidao/20150424_544508f1500446f5f4000425@spider22-dbn8.rhcloud.com/
rm -rf /data/zhidao/20150424_5444ed7fe0b8cdbc8f0000e8@spider16-dbn6.rhcloud.com/
mkdir /data/zhidao/20150424_5444ed7fe0b8cdbc8f0000e8@spider16-dbn6.rhcloud.com/
tar -zxvf /data/zhidao/20150424_5444ed7fe0b8cdbc8f0000e8@spider16-dbn6.rhcloud.com.tar.gz -C /data/zhidao/20150424_5444ed7fe0b8cdbc8f0000e8@spider16-dbn6.rhcloud.com/
rm -rf /data/zhidao/20150424_544503fb4382ec935c000050@spider18-dbn6.rhcloud.com/
mkdir /data/zhidao/20150424_544503fb4382ec935c000050@spider18-dbn6.rhcloud.com/
tar -zxvf /data/zhidao/20150424_544503fb4382ec935c000050@spider18-dbn6.rhcloud.com.tar.gz -C /data/zhidao/20150424_544503fb4382ec935c000050@spider18-dbn6.rhcloud.com/
rm -rf /data/zhidao/20150424_54646f4e5973ca18290000b9@spider27-dbn9.rhcloud.com/
mkdir /data/zhidao/20150424_54646f4e5973ca18290000b9@spider27-dbn9.rhcloud.com/
tar -zxvf /data/zhidao/20150424_54646f4e5973ca18290000b9@spider27-dbn9.rhcloud.com.tar.gz -C /data/zhidao/20150424_54646f4e5973ca18290000b9@spider27-dbn9.rhcloud.com/
rm -rf /data/zhidao/20150424_54646e1f5973ca0b610000c5@spider26-dbn9.rhcloud.com/
mkdir /data/zhidao/20150424_54646e1f5973ca0b610000c5@spider26-dbn9.rhcloud.com/
tar -zxvf /data/zhidao/20150424_54646e1f5973ca0b610000c5@spider26-dbn9.rhcloud.com.tar.gz -C /data/zhidao/20150424_54646e1f5973ca0b610000c5@spider26-dbn9.rhcloud.com/
rm -rf /data/zhidao/20150424_543a712e5973ca6b8a000296@spider3-dbn.rhcloud.com/
mkdir /data/zhidao/20150424_543a712e5973ca6b8a000296@spider3-dbn.rhcloud.com/
tar -zxvf /data/zhidao/20150424_543a712e5973ca6b8a000296@spider3-dbn.rhcloud.com.tar.gz -C /data/zhidao/20150424_543a712e5973ca6b8a000296@spider3-dbn.rhcloud.com/
rm -rf /data/zhidao/20150424_546472a25973ca570100008f@spider30-dbn10.rhcloud.com/
mkdir /data/zhidao/20150424_546472a25973ca570100008f@spider30-dbn10.rhcloud.com/
tar -zxvf /data/zhidao/20150424_546472a25973ca570100008f@spider30-dbn10.rhcloud.com.tar.gz -C /data/zhidao/20150424_546472a25973ca570100008f@spider30-dbn10.rhcloud.com/
rm -rf /data/zhidao/20150424_543a7eb4e0b8cd5c230009e5@spider3-dbn1.rhcloud.com/
mkdir /data/zhidao/20150424_543a7eb4e0b8cd5c230009e5@spider3-dbn1.rhcloud.com/
tar -zxvf /data/zhidao/20150424_543a7eb4e0b8cd5c230009e5@spider3-dbn1.rhcloud.com.tar.gz -C /data/zhidao/20150424_543a7eb4e0b8cd5c230009e5@spider3-dbn1.rhcloud.com/
rm -rf /data/zhidao/20150424_543f9276e0b8cdf590001890@spider14-dbn5.rhcloud.com/
mkdir /data/zhidao/20150424_543f9276e0b8cdf590001890@spider14-dbn5.rhcloud.com/
tar -zxvf /data/zhidao/20150424_543f9276e0b8cdf590001890@spider14-dbn5.rhcloud.com.tar.gz -C /data/zhidao/20150424_543f9276e0b8cdf590001890@spider14-dbn5.rhcloud.com/
rm -rf /data/zhidao/20150424_543a91bd4382ecd226000509@spider2-dbn3.rhcloud.com/
mkdir /data/zhidao/20150424_543a91bd4382ecd226000509@spider2-dbn3.rhcloud.com/
tar -zxvf /data/zhidao/20150424_543a91bd4382ecd226000509@spider2-dbn3.rhcloud.com.tar.gz -C /data/zhidao/20150424_543a91bd4382ecd226000509@spider2-dbn3.rhcloud.com/
rm -rf /data/zhidao/20150424_544507cd4382ec4950000599@spider21-dbn7.rhcloud.com/
mkdir /data/zhidao/20150424_544507cd4382ec4950000599@spider21-dbn7.rhcloud.com/
tar -zxvf /data/zhidao/20150424_544507cd4382ec4950000599@spider21-dbn7.rhcloud.com.tar.gz -C /data/zhidao/20150424_544507cd4382ec4950000599@spider21-dbn7.rhcloud.com/
rm -rf /data/zhidao/20150424_543a90d04382ecd2260004e9@spider1-dbn3.rhcloud.com/
mkdir /data/zhidao/20150424_543a90d04382ecd2260004e9@spider1-dbn3.rhcloud.com/
tar -zxvf /data/zhidao/20150424_543a90d04382ecd2260004e9@spider1-dbn3.rhcloud.com.tar.gz -C /data/zhidao/20150424_543a90d04382ecd2260004e9@spider1-dbn3.rhcloud.com/
rm -rf /data/zhidao/20150424_543a7d935973ca82640003ae@spider1-dbn1.rhcloud.com/
mkdir /data/zhidao/20150424_543a7d935973ca82640003ae@spider1-dbn1.rhcloud.com/
tar -zxvf /data/zhidao/20150424_543a7d935973ca82640003ae@spider1-dbn1.rhcloud.com.tar.gz -C /data/zhidao/20150424_543a7d935973ca82640003ae@spider1-dbn1.rhcloud.com/
rm -rf /data/zhidao/20150424_543a693e5973ca6b8a000203@spider1-dbn.rhcloud.com/
mkdir /data/zhidao/20150424_543a693e5973ca6b8a000203@spider1-dbn.rhcloud.com/
tar -zxvf /data/zhidao/20150424_543a693e5973ca6b8a000203@spider1-dbn.rhcloud.com.tar.gz -C /data/zhidao/20150424_543a693e5973ca6b8a000203@spider1-dbn.rhcloud.com/
rm -rf /data/zhidao/20150424_543a92c25973ca8264000611@spider3-dbn3.rhcloud.com/
mkdir /data/zhidao/20150424_543a92c25973ca8264000611@spider3-dbn3.rhcloud.com/
tar -zxvf /data/zhidao/20150424_543a92c25973ca8264000611@spider3-dbn3.rhcloud.com.tar.gz -C /data/zhidao/20150424_543a92c25973ca8264000611@spider3-dbn3.rhcloud.com/
rm -rf /data/zhidao/20150424_54450a355004464b58000710@spider24-dbn8.rhcloud.com/
mkdir /data/zhidao/20150424_54450a355004464b58000710@spider24-dbn8.rhcloud.com/
tar -zxvf /data/zhidao/20150424_54450a355004464b58000710@spider24-dbn8.rhcloud.com.tar.gz -C /data/zhidao/20150424_54450a355004464b58000710@spider24-dbn8.rhcloud.com/
rm -rf /data/zhidao/20150424_543f91aee0b8cdaf6900014a@spider13-dbn5.rhcloud.com/
mkdir /data/zhidao/20150424_543f91aee0b8cdaf6900014a@spider13-dbn5.rhcloud.com/
tar -zxvf /data/zhidao/20150424_543f91aee0b8cdaf6900014a@spider13-dbn5.rhcloud.com.tar.gz -C /data/zhidao/20150424_543f91aee0b8cdaf6900014a@spider13-dbn5.rhcloud.com/
rm -rf /data/zhidao/20150424_5445060b5973ca01390003cf@spider19-dbn7.rhcloud.com/
mkdir /data/zhidao/20150424_5445060b5973ca01390003cf@spider19-dbn7.rhcloud.com/
tar -zxvf /data/zhidao/20150424_5445060b5973ca01390003cf@spider19-dbn7.rhcloud.com.tar.gz -C /data/zhidao/20150424_5445060b5973ca01390003cf@spider19-dbn7.rhcloud.com/
rm -rf /data/zhidao/20150424_546471b0e0b8cd8060000123@spider28-dbn10.rhcloud.com/
mkdir /data/zhidao/20150424_546471b0e0b8cd8060000123@spider28-dbn10.rhcloud.com/
tar -zxvf /data/zhidao/20150424_546471b0e0b8cd8060000123@spider28-dbn10.rhcloud.com.tar.gz -C /data/zhidao/20150424_546471b0e0b8cd8060000123@spider28-dbn10.rhcloud.com/
rm -rf /data/zhidao/20150424_543a8430500446a9b20002df@spider1-dbn2.rhcloud.com/
mkdir /data/zhidao/20150424_543a8430500446a9b20002df@spider1-dbn2.rhcloud.com/
tar -zxvf /data/zhidao/20150424_543a8430500446a9b20002df@spider1-dbn2.rhcloud.com.tar.gz -C /data/zhidao/20150424_543a8430500446a9b20002df@spider1-dbn2.rhcloud.com/
rm -rf /data/zhidao/20150424_5445074a4382eca364000483@spider20-dbn7.rhcloud.com/
mkdir /data/zhidao/20150424_5445074a4382eca364000483@spider20-dbn7.rhcloud.com/
tar -zxvf /data/zhidao/20150424_5445074a4382eca364000483@spider20-dbn7.rhcloud.com.tar.gz -C /data/zhidao/20150424_5445074a4382eca364000483@spider20-dbn7.rhcloud.com/
rm -rf /data/zhidao/20150424_543a7e3de0b8cd5c230009b8@spider2-dbn1.rhcloud.com/
mkdir /data/zhidao/20150424_543a7e3de0b8cd5c230009b8@spider2-dbn1.rhcloud.com/
tar -zxvf /data/zhidao/20150424_543a7e3de0b8cd5c230009b8@spider2-dbn1.rhcloud.com.tar.gz -C /data/zhidao/20150424_543a7e3de0b8cd5c230009b8@spider2-dbn1.rhcloud.com/
rm /data/zhidao/20150424.finish
not finded new package
not finded new package
not finded new package
not finded new package
finded new package 20150425
20150425_543a91bd4382ecd226000509@spider2-dbn3.rhcloud.com.tar.gz md5 error
20150425_543a7d935973ca82640003ae@spider1-dbn1.rhcloud.com.tar.gz md5 error
rm -rf /data/zhidao/20150425_543a693e5973ca6b8a000203@spider1-dbn.rhcloud.com/
mkdir /data/zhidao/20150425_543a693e5973ca6b8a000203@spider1-dbn.rhcloud.com/
tar -zxvf /data/zhidao/20150425_543a693e5973ca6b8a000203@spider1-dbn.rhcloud.com.tar.gz -C /data/zhidao/20150425_543a693e5973ca6b8a000203@spider1-dbn.rhcloud.com/
rm -rf /data/zhidao/20150425_544503fb4382ec935c000050@spider18-dbn6.rhcloud.com/
mkdir /data/zhidao/20150425_544503fb4382ec935c000050@spider18-dbn6.rhcloud.com/
tar -zxvf /data/zhidao/20150425_544503fb4382ec935c000050@spider18-dbn6.rhcloud.com.tar.gz -C /data/zhidao/20150425_544503fb4382ec935c000050@spider18-dbn6.rhcloud.com/
rm -rf /data/zhidao/20150425_54646f4e5973ca18290000b9@spider27-dbn9.rhcloud.com/
mkdir /data/zhidao/20150425_54646f4e5973ca18290000b9@spider27-dbn9.rhcloud.com/
tar -zxvf /data/zhidao/20150425_54646f4e5973ca18290000b9@spider27-dbn9.rhcloud.com.tar.gz -C /data/zhidao/20150425_54646f4e5973ca18290000b9@spider27-dbn9.rhcloud.com/
rm -rf /data/zhidao/20150425_5445060b5973ca01390003cf@spider19-dbn7.rhcloud.com/
mkdir /data/zhidao/20150425_5445060b5973ca01390003cf@spider19-dbn7.rhcloud.com/
tar -zxvf /data/zhidao/20150425_5445060b5973ca01390003cf@spider19-dbn7.rhcloud.com.tar.gz -C /data/zhidao/20150425_5445060b5973ca01390003cf@spider19-dbn7.rhcloud.com/
rm -rf /data/zhidao/20150425_543a8430500446a9b20002df@spider1-dbn2.rhcloud.com/
mkdir /data/zhidao/20150425_543a8430500446a9b20002df@spider1-dbn2.rhcloud.com/
tar -zxvf /data/zhidao/20150425_543a8430500446a9b20002df@spider1-dbn2.rhcloud.com.tar.gz -C /data/zhidao/20150425_543a8430500446a9b20002df@spider1-dbn2.rhcloud.com/
rm -rf /data/zhidao/20150425_543f9276e0b8cdf590001890@spider14-dbn5.rhcloud.com/
mkdir /data/zhidao/20150425_543f9276e0b8cdf590001890@spider14-dbn5.rhcloud.com/
tar -zxvf /data/zhidao/20150425_543f9276e0b8cdf590001890@spider14-dbn5.rhcloud.com.tar.gz -C /data/zhidao/20150425_543f9276e0b8cdf590001890@spider14-dbn5.rhcloud.com/
rm -rf /data/zhidao/20150425_543a90d04382ecd2260004e9@spider1-dbn3.rhcloud.com/
mkdir /data/zhidao/20150425_543a90d04382ecd2260004e9@spider1-dbn3.rhcloud.com/
tar -zxvf /data/zhidao/20150425_543a90d04382ecd2260004e9@spider1-dbn3.rhcloud.com.tar.gz -C /data/zhidao/20150425_543a90d04382ecd2260004e9@spider1-dbn3.rhcloud.com/
rm -rf /data/zhidao/20150425_546471b0e0b8cd8060000123@spider28-dbn10.rhcloud.com/
mkdir /data/zhidao/20150425_546471b0e0b8cd8060000123@spider28-dbn10.rhcloud.com/
tar -zxvf /data/zhidao/20150425_546471b0e0b8cd8060000123@spider28-dbn10.rhcloud.com.tar.gz -C /data/zhidao/20150425_546471b0e0b8cd8060000123@spider28-dbn10.rhcloud.com/
rm -rf /data/zhidao/20150425_544508f1500446f5f4000425@spider22-dbn8.rhcloud.com/
mkdir /data/zhidao/20150425_544508f1500446f5f4000425@spider22-dbn8.rhcloud.com/
tar -zxvf /data/zhidao/20150425_544508f1500446f5f4000425@spider22-dbn8.rhcloud.com.tar.gz -C /data/zhidao/20150425_544508f1500446f5f4000425@spider22-dbn8.rhcloud.com/
rm -rf /data/zhidao/20150425_5445074a4382eca364000483@spider20-dbn7.rhcloud.com/
mkdir /data/zhidao/20150425_5445074a4382eca364000483@spider20-dbn7.rhcloud.com/
tar -zxvf /data/zhidao/20150425_5445074a4382eca364000483@spider20-dbn7.rhcloud.com.tar.gz -C /data/zhidao/20150425_5445074a4382eca364000483@spider20-dbn7.rhcloud.com/
rm -rf /data/zhidao/20150425_543a84ede0b8cd610b00046b@spider3-dbn2.rhcloud.com/
mkdir /data/zhidao/20150425_543a84ede0b8cd610b00046b@spider3-dbn2.rhcloud.com/
tar -zxvf /data/zhidao/20150425_543a84ede0b8cd610b00046b@spider3-dbn2.rhcloud.com.tar.gz -C /data/zhidao/20150425_543a84ede0b8cd610b00046b@spider3-dbn2.rhcloud.com/
rm -rf /data/zhidao/20150425_546472a25973ca570100008f@spider30-dbn10.rhcloud.com/
mkdir /data/zhidao/20150425_546472a25973ca570100008f@spider30-dbn10.rhcloud.com/
tar -zxvf /data/zhidao/20150425_546472a25973ca570100008f@spider30-dbn10.rhcloud.com.tar.gz -C /data/zhidao/20150425_546472a25973ca570100008f@spider30-dbn10.rhcloud.com/
rm -rf /data/zhidao/20150425_54646e1f5973ca0b610000c5@spider26-dbn9.rhcloud.com/
mkdir /data/zhidao/20150425_54646e1f5973ca0b610000c5@spider26-dbn9.rhcloud.com/
tar -zxvf /data/zhidao/20150425_54646e1f5973ca0b610000c5@spider26-dbn9.rhcloud.com.tar.gz -C /data/zhidao/20150425_54646e1f5973ca0b610000c5@spider26-dbn9.rhcloud.com/
rm -rf /data/zhidao/20150425_543a92c25973ca8264000611@spider3-dbn3.rhcloud.com/
mkdir /data/zhidao/20150425_543a92c25973ca8264000611@spider3-dbn3.rhcloud.com/
tar -zxvf /data/zhidao/20150425_543a92c25973ca8264000611@spider3-dbn3.rhcloud.com.tar.gz -C /data/zhidao/20150425_543a92c25973ca8264000611@spider3-dbn3.rhcloud.com/
rm -rf /data/zhidao/20150425_5445031f5004469e9d00007d@spider17-dbn6.rhcloud.com/
mkdir /data/zhidao/20150425_5445031f5004469e9d00007d@spider17-dbn6.rhcloud.com/
tar -zxvf /data/zhidao/20150425_5445031f5004469e9d00007d@spider17-dbn6.rhcloud.com.tar.gz -C /data/zhidao/20150425_5445031f5004469e9d00007d@spider17-dbn6.rhcloud.com/
rm -rf /data/zhidao/20150425_543f91aee0b8cdaf6900014a@spider13-dbn5.rhcloud.com/
mkdir /data/zhidao/20150425_543f91aee0b8cdaf6900014a@spider13-dbn5.rhcloud.com/
tar -zxvf /data/zhidao/20150425_543f91aee0b8cdaf6900014a@spider13-dbn5.rhcloud.com.tar.gz -C /data/zhidao/20150425_543f91aee0b8cdaf6900014a@spider13-dbn5.rhcloud.com/
rm -rf /data/zhidao/20150425_543a712e5973ca6b8a000296@spider3-dbn.rhcloud.com/
mkdir /data/zhidao/20150425_543a712e5973ca6b8a000296@spider3-dbn.rhcloud.com/
tar -zxvf /data/zhidao/20150425_543a712e5973ca6b8a000296@spider3-dbn.rhcloud.com.tar.gz -C /data/zhidao/20150425_543a712e5973ca6b8a000296@spider3-dbn.rhcloud.com/
rm -rf /data/zhidao/20150425_543a7e3de0b8cd5c230009b8@spider2-dbn1.rhcloud.com/
mkdir /data/zhidao/20150425_543a7e3de0b8cd5c230009b8@spider2-dbn1.rhcloud.com/
tar -zxvf /data/zhidao/20150425_543a7e3de0b8cd5c230009b8@spider2-dbn1.rhcloud.com.tar.gz -C /data/zhidao/20150425_543a7e3de0b8cd5c230009b8@spider2-dbn1.rhcloud.com/
rm -rf /data/zhidao/20150425_54646b62ecb8d437130006ee@spider25-dbn9.rhcloud.com/
mkdir /data/zhidao/20150425_54646b62ecb8d437130006ee@spider25-dbn9.rhcloud.com/
tar -zxvf /data/zhidao/20150425_54646b62ecb8d437130006ee@spider25-dbn9.rhcloud.com.tar.gz -C /data/zhidao/20150425_54646b62ecb8d437130006ee@spider25-dbn9.rhcloud.com/
rm -rf /data/zhidao/20150425_543a70ed5973ca017e00006f@spider2-dbn.rhcloud.com/
mkdir /data/zhidao/20150425_543a70ed5973ca017e00006f@spider2-dbn.rhcloud.com/
tar -zxvf /data/zhidao/20150425_543a70ed5973ca017e00006f@spider2-dbn.rhcloud.com.tar.gz -C /data/zhidao/20150425_543a70ed5973ca017e00006f@spider2-dbn.rhcloud.com/
rm -rf /data/zhidao/20150425_544507cd4382ec4950000599@spider21-dbn7.rhcloud.com/
mkdir /data/zhidao/20150425_544507cd4382ec4950000599@spider21-dbn7.rhcloud.com/
tar -zxvf /data/zhidao/20150425_544507cd4382ec4950000599@spider21-dbn7.rhcloud.com.tar.gz -C /data/zhidao/20150425_544507cd4382ec4950000599@spider21-dbn7.rhcloud.com/
rm /data/zhidao/20150425.finish
not finded new package
not finded new package
not finded new package
not finded new package
finded new package 20150426
rm -rf /data/zhidao/20150426_544508f1500446f5f4000425@spider22-dbn8.rhcloud.com/
mkdir /data/zhidao/20150426_544508f1500446f5f4000425@spider22-dbn8.rhcloud.com/
tar -zxvf /data/zhidao/20150426_544508f1500446f5f4000425@spider22-dbn8.rhcloud.com.tar.gz -C /data/zhidao/20150426_544508f1500446f5f4000425@spider22-dbn8.rhcloud.com/
rm -rf /data/zhidao/20150426_543a90d04382ecd2260004e9@spider1-dbn3.rhcloud.com/
mkdir /data/zhidao/20150426_543a90d04382ecd2260004e9@spider1-dbn3.rhcloud.com/
tar -zxvf /data/zhidao/20150426_543a90d04382ecd2260004e9@spider1-dbn3.rhcloud.com.tar.gz -C /data/zhidao/20150426_543a90d04382ecd2260004e9@spider1-dbn3.rhcloud.com/
rm -rf /data/zhidao/20150426_543f9276e0b8cdf590001890@spider14-dbn5.rhcloud.com/
mkdir /data/zhidao/20150426_543f9276e0b8cdf590001890@spider14-dbn5.rhcloud.com/
tar -zxvf /data/zhidao/20150426_543f9276e0b8cdf590001890@spider14-dbn5.rhcloud.com.tar.gz -C /data/zhidao/20150426_543f9276e0b8cdf590001890@spider14-dbn5.rhcloud.com/
rm -rf /data/zhidao/20150426_5444ed7fe0b8cdbc8f0000e8@spider16-dbn6.rhcloud.com/
mkdir /data/zhidao/20150426_5444ed7fe0b8cdbc8f0000e8@spider16-dbn6.rhcloud.com/
tar -zxvf /data/zhidao/20150426_5444ed7fe0b8cdbc8f0000e8@spider16-dbn6.rhcloud.com.tar.gz -C /data/zhidao/20150426_5444ed7fe0b8cdbc8f0000e8@spider16-dbn6.rhcloud.com/
rm -rf /data/zhidao/20150426_544507cd4382ec4950000599@spider21-dbn7.rhcloud.com/
mkdir /data/zhidao/20150426_544507cd4382ec4950000599@spider21-dbn7.rhcloud.com/
tar -zxvf /data/zhidao/20150426_544507cd4382ec4950000599@spider21-dbn7.rhcloud.com.tar.gz -C /data/zhidao/20150426_544507cd4382ec4950000599@spider21-dbn7.rhcloud.com/
rm -rf /data/zhidao/20150426_543a712e5973ca6b8a000296@spider3-dbn.rhcloud.com/
mkdir /data/zhidao/20150426_543a712e5973ca6b8a000296@spider3-dbn.rhcloud.com/
tar -zxvf /data/zhidao/20150426_543a712e5973ca6b8a000296@spider3-dbn.rhcloud.com.tar.gz -C /data/zhidao/20150426_543a712e5973ca6b8a000296@spider3-dbn.rhcloud.com/
rm -rf /data/zhidao/20150426_543a92c25973ca8264000611@spider3-dbn3.rhcloud.com/
mkdir /data/zhidao/20150426_543a92c25973ca8264000611@spider3-dbn3.rhcloud.com/
tar -zxvf /data/zhidao/20150426_543a92c25973ca8264000611@spider3-dbn3.rhcloud.com.tar.gz -C /data/zhidao/20150426_543a92c25973ca8264000611@spider3-dbn3.rhcloud.com/
rm -rf /data/zhidao/20150426_543a7e3de0b8cd5c230009b8@spider2-dbn1.rhcloud.com/
mkdir /data/zhidao/20150426_543a7e3de0b8cd5c230009b8@spider2-dbn1.rhcloud.com/
tar -zxvf /data/zhidao/20150426_543a7e3de0b8cd5c230009b8@spider2-dbn1.rhcloud.com.tar.gz -C /data/zhidao/20150426_543a7e3de0b8cd5c230009b8@spider2-dbn1.rhcloud.com/
rm -rf /data/zhidao/20150426_543a70ed5973ca017e00006f@spider2-dbn.rhcloud.com/
mkdir /data/zhidao/20150426_543a70ed5973ca017e00006f@spider2-dbn.rhcloud.com/
tar -zxvf /data/zhidao/20150426_543a70ed5973ca017e00006f@spider2-dbn.rhcloud.com.tar.gz -C /data/zhidao/20150426_543a70ed5973ca017e00006f@spider2-dbn.rhcloud.com/
rm -rf /data/zhidao/20150426_543a91bd4382ecd226000509@spider2-dbn3.rhcloud.com/
mkdir /data/zhidao/20150426_543a91bd4382ecd226000509@spider2-dbn3.rhcloud.com/
tar -zxvf /data/zhidao/20150426_543a91bd4382ecd226000509@spider2-dbn3.rhcloud.com.tar.gz -C /data/zhidao/20150426_543a91bd4382ecd226000509@spider2-dbn3.rhcloud.com/
rm -rf /data/zhidao/20150426_54646f4e5973ca18290000b9@spider27-dbn9.rhcloud.com/
mkdir /data/zhidao/20150426_54646f4e5973ca18290000b9@spider27-dbn9.rhcloud.com/
tar -zxvf /data/zhidao/20150426_54646f4e5973ca18290000b9@spider27-dbn9.rhcloud.com.tar.gz -C /data/zhidao/20150426_54646f4e5973ca18290000b9@spider27-dbn9.rhcloud.com/
rm -rf /data/zhidao/20150426_543a7d935973ca82640003ae@spider1-dbn1.rhcloud.com/
mkdir /data/zhidao/20150426_543a7d935973ca82640003ae@spider1-dbn1.rhcloud.com/
tar -zxvf /data/zhidao/20150426_543a7d935973ca82640003ae@spider1-dbn1.rhcloud.com.tar.gz -C /data/zhidao/20150426_543a7d935973ca82640003ae@spider1-dbn1.rhcloud.com/
rm -rf /data/zhidao/20150426_546471b0e0b8cd8060000123@spider28-dbn10.rhcloud.com/
mkdir /data/zhidao/20150426_546471b0e0b8cd8060000123@spider28-dbn10.rhcloud.com/
tar -zxvf /data/zhidao/20150426_546471b0e0b8cd8060000123@spider28-dbn10.rhcloud.com.tar.gz -C /data/zhidao/20150426_546471b0e0b8cd8060000123@spider28-dbn10.rhcloud.com/
rm -rf /data/zhidao/20150426_543a7eb4e0b8cd5c230009e5@spider3-dbn1.rhcloud.com/
mkdir /data/zhidao/20150426_543a7eb4e0b8cd5c230009e5@spider3-dbn1.rhcloud.com/
tar -zxvf /data/zhidao/20150426_543a7eb4e0b8cd5c230009e5@spider3-dbn1.rhcloud.com.tar.gz -C /data/zhidao/20150426_543a7eb4e0b8cd5c230009e5@spider3-dbn1.rhcloud.com/
rm -rf /data/zhidao/20150426_5445031f5004469e9d00007d@spider17-dbn6.rhcloud.com/
mkdir /data/zhidao/20150426_5445031f5004469e9d00007d@spider17-dbn6.rhcloud.com/
tar -zxvf /data/zhidao/20150426_5445031f5004469e9d00007d@spider17-dbn6.rhcloud.com.tar.gz -C /data/zhidao/20150426_5445031f5004469e9d00007d@spider17-dbn6.rhcloud.com/
rm -rf /data/zhidao/20150426_5445060b5973ca01390003cf@spider19-dbn7.rhcloud.com/
mkdir /data/zhidao/20150426_5445060b5973ca01390003cf@spider19-dbn7.rhcloud.com/
tar -zxvf /data/zhidao/20150426_5445060b5973ca01390003cf@spider19-dbn7.rhcloud.com.tar.gz -C /data/zhidao/20150426_5445060b5973ca01390003cf@spider19-dbn7.rhcloud.com/
rm -rf /data/zhidao/20150426_5464723fe0b8cd8060000146@spider29-dbn10.rhcloud.com/
mkdir /data/zhidao/20150426_5464723fe0b8cd8060000146@spider29-dbn10.rhcloud.com/
tar -zxvf /data/zhidao/20150426_5464723fe0b8cd8060000146@spider29-dbn10.rhcloud.com.tar.gz -C /data/zhidao/20150426_5464723fe0b8cd8060000146@spider29-dbn10.rhcloud.com/
rm -rf /data/zhidao/20150426_546472a25973ca570100008f@spider30-dbn10.rhcloud.com/
mkdir /data/zhidao/20150426_546472a25973ca570100008f@spider30-dbn10.rhcloud.com/
tar -zxvf /data/zhidao/20150426_546472a25973ca570100008f@spider30-dbn10.rhcloud.com.tar.gz -C /data/zhidao/20150426_546472a25973ca570100008f@spider30-dbn10.rhcloud.com/
rm -rf /data/zhidao/20150426_543a84ede0b8cd610b00046b@spider3-dbn2.rhcloud.com/
mkdir /data/zhidao/20150426_543a84ede0b8cd610b00046b@spider3-dbn2.rhcloud.com/
tar -zxvf /data/zhidao/20150426_543a84ede0b8cd610b00046b@spider3-dbn2.rhcloud.com.tar.gz -C /data/zhidao/20150426_543a84ede0b8cd610b00046b@spider3-dbn2.rhcloud.com/
rm -rf /data/zhidao/20150426_543a693e5973ca6b8a000203@spider1-dbn.rhcloud.com/
mkdir /data/zhidao/20150426_543a693e5973ca6b8a000203@spider1-dbn.rhcloud.com/
tar -zxvf /data/zhidao/20150426_543a693e5973ca6b8a000203@spider1-dbn.rhcloud.com.tar.gz -C /data/zhidao/20150426_543a693e5973ca6b8a000203@spider1-dbn.rhcloud.com/
rm -rf /data/zhidao/20150426_543f91aee0b8cdaf6900014a@spider13-dbn5.rhcloud.com/
mkdir /data/zhidao/20150426_543f91aee0b8cdaf6900014a@spider13-dbn5.rhcloud.com/
tar -zxvf /data/zhidao/20150426_543f91aee0b8cdaf6900014a@spider13-dbn5.rhcloud.com.tar.gz -C /data/zhidao/20150426_543f91aee0b8cdaf6900014a@spider13-dbn5.rhcloud.com/
rm -rf /data/zhidao/20150426_54450a355004464b58000710@spider24-dbn8.rhcloud.com/
mkdir /data/zhidao/20150426_54450a355004464b58000710@spider24-dbn8.rhcloud.com/
tar -zxvf /data/zhidao/20150426_54450a355004464b58000710@spider24-dbn8.rhcloud.com.tar.gz -C /data/zhidao/20150426_54450a355004464b58000710@spider24-dbn8.rhcloud.com/
rm -rf /data/zhidao/20150426_544503fb4382ec935c000050@spider18-dbn6.rhcloud.com/
mkdir /data/zhidao/20150426_544503fb4382ec935c000050@spider18-dbn6.rhcloud.com/
tar -zxvf /data/zhidao/20150426_544503fb4382ec935c000050@spider18-dbn6.rhcloud.com.tar.gz -C /data/zhidao/20150426_544503fb4382ec935c000050@spider18-dbn6.rhcloud.com/
rm -rf /data/zhidao/20150426_54646e1f5973ca0b610000c5@spider26-dbn9.rhcloud.com/
mkdir /data/zhidao/20150426_54646e1f5973ca0b610000c5@spider26-dbn9.rhcloud.com/
tar -zxvf /data/zhidao/20150426_54646e1f5973ca0b610000c5@spider26-dbn9.rhcloud.com.tar.gz -C /data/zhidao/20150426_54646e1f5973ca0b610000c5@spider26-dbn9.rhcloud.com/
rm -rf /data/zhidao/20150426_5445074a4382eca364000483@spider20-dbn7.rhcloud.com/
mkdir /data/zhidao/20150426_5445074a4382eca364000483@spider20-dbn7.rhcloud.com/
tar -zxvf /data/zhidao/20150426_5445074a4382eca364000483@spider20-dbn7.rhcloud.com.tar.gz -C /data/zhidao/20150426_5445074a4382eca364000483@spider20-dbn7.rhcloud.com/
rm -rf /data/zhidao/20150426_54646b62ecb8d437130006ee@spider25-dbn9.rhcloud.com/
mkdir /data/zhidao/20150426_54646b62ecb8d437130006ee@spider25-dbn9.rhcloud.com/
tar -zxvf /data/zhidao/20150426_54646b62ecb8d437130006ee@spider25-dbn9.rhcloud.com.tar.gz -C /data/zhidao/20150426_54646b62ecb8d437130006ee@spider25-dbn9.rhcloud.com/
rm /data/zhidao/20150426.finish
not finded new package
not finded new package
not finded new package
not finded new package
finded new package 20150427
rm -rf /data/zhidao/20150427_546471b0e0b8cd8060000123@spider28-dbn10.rhcloud.com/
mkdir /data/zhidao/20150427_546471b0e0b8cd8060000123@spider28-dbn10.rhcloud.com/
tar -zxvf /data/zhidao/20150427_546471b0e0b8cd8060000123@spider28-dbn10.rhcloud.com.tar.gz -C /data/zhidao/20150427_546471b0e0b8cd8060000123@spider28-dbn10.rhcloud.com/
rm -rf /data/zhidao/20150427_546472a25973ca570100008f@spider30-dbn10.rhcloud.com/
mkdir /data/zhidao/20150427_546472a25973ca570100008f@spider30-dbn10.rhcloud.com/
tar -zxvf /data/zhidao/20150427_546472a25973ca570100008f@spider30-dbn10.rhcloud.com.tar.gz -C /data/zhidao/20150427_546472a25973ca570100008f@spider30-dbn10.rhcloud.com/
rm -rf /data/zhidao/20150427_543a91bd4382ecd226000509@spider2-dbn3.rhcloud.com/
mkdir /data/zhidao/20150427_543a91bd4382ecd226000509@spider2-dbn3.rhcloud.com/
tar -zxvf /data/zhidao/20150427_543a91bd4382ecd226000509@spider2-dbn3.rhcloud.com.tar.gz -C /data/zhidao/20150427_543a91bd4382ecd226000509@spider2-dbn3.rhcloud.com/
rm -rf /data/zhidao/20150427_543a84ede0b8cd610b00046b@spider3-dbn2.rhcloud.com/
mkdir /data/zhidao/20150427_543a84ede0b8cd610b00046b@spider3-dbn2.rhcloud.com/
tar -zxvf /data/zhidao/20150427_543a84ede0b8cd610b00046b@spider3-dbn2.rhcloud.com.tar.gz -C /data/zhidao/20150427_543a84ede0b8cd610b00046b@spider3-dbn2.rhcloud.com/
rm -rf /data/zhidao/20150427_543a7eb4e0b8cd5c230009e5@spider3-dbn1.rhcloud.com/
mkdir /data/zhidao/20150427_543a7eb4e0b8cd5c230009e5@spider3-dbn1.rhcloud.com/
tar -zxvf /data/zhidao/20150427_543a7eb4e0b8cd5c230009e5@spider3-dbn1.rhcloud.com.tar.gz -C /data/zhidao/20150427_543a7eb4e0b8cd5c230009e5@spider3-dbn1.rhcloud.com/
rm -rf /data/zhidao/20150427_544507cd4382ec4950000599@spider21-dbn7.rhcloud.com/
mkdir /data/zhidao/20150427_544507cd4382ec4950000599@spider21-dbn7.rhcloud.com/
tar -zxvf /data/zhidao/20150427_544507cd4382ec4950000599@spider21-dbn7.rhcloud.com.tar.gz -C /data/zhidao/20150427_544507cd4382ec4950000599@spider21-dbn7.rhcloud.com/
rm -rf /data/zhidao/20150427_543a693e5973ca6b8a000203@spider1-dbn.rhcloud.com/
mkdir /data/zhidao/20150427_543a693e5973ca6b8a000203@spider1-dbn.rhcloud.com/
tar -zxvf /data/zhidao/20150427_543a693e5973ca6b8a000203@spider1-dbn.rhcloud.com.tar.gz -C /data/zhidao/20150427_543a693e5973ca6b8a000203@spider1-dbn.rhcloud.com/
rm -rf /data/zhidao/20150427_543a90d04382ecd2260004e9@spider1-dbn3.rhcloud.com/
mkdir /data/zhidao/20150427_543a90d04382ecd2260004e9@spider1-dbn3.rhcloud.com/
tar -zxvf /data/zhidao/20150427_543a90d04382ecd2260004e9@spider1-dbn3.rhcloud.com.tar.gz -C /data/zhidao/20150427_543a90d04382ecd2260004e9@spider1-dbn3.rhcloud.com/
rm -rf /data/zhidao/20150427_543a7e3de0b8cd5c230009b8@spider2-dbn1.rhcloud.com/
mkdir /data/zhidao/20150427_543a7e3de0b8cd5c230009b8@spider2-dbn1.rhcloud.com/
tar -zxvf /data/zhidao/20150427_543a7e3de0b8cd5c230009b8@spider2-dbn1.rhcloud.com.tar.gz -C /data/zhidao/20150427_543a7e3de0b8cd5c230009b8@spider2-dbn1.rhcloud.com/
rm -rf /data/zhidao/20150427_54646e1f5973ca0b610000c5@spider26-dbn9.rhcloud.com/
mkdir /data/zhidao/20150427_54646e1f5973ca0b610000c5@spider26-dbn9.rhcloud.com/
tar -zxvf /data/zhidao/20150427_54646e1f5973ca0b610000c5@spider26-dbn9.rhcloud.com.tar.gz -C /data/zhidao/20150427_54646e1f5973ca0b610000c5@spider26-dbn9.rhcloud.com/
rm -rf /data/zhidao/20150427_54646b62ecb8d437130006ee@spider25-dbn9.rhcloud.com/
mkdir /data/zhidao/20150427_54646b62ecb8d437130006ee@spider25-dbn9.rhcloud.com/
tar -zxvf /data/zhidao/20150427_54646b62ecb8d437130006ee@spider25-dbn9.rhcloud.com.tar.gz -C /data/zhidao/20150427_54646b62ecb8d437130006ee@spider25-dbn9.rhcloud.com/
rm -rf /data/zhidao/20150427_54646f4e5973ca18290000b9@spider27-dbn9.rhcloud.com/
mkdir /data/zhidao/20150427_54646f4e5973ca18290000b9@spider27-dbn9.rhcloud.com/
tar -zxvf /data/zhidao/20150427_54646f4e5973ca18290000b9@spider27-dbn9.rhcloud.com.tar.gz -C /data/zhidao/20150427_54646f4e5973ca18290000b9@spider27-dbn9.rhcloud.com/
rm -rf /data/zhidao/20150427_543a712e5973ca6b8a000296@spider3-dbn.rhcloud.com/
mkdir /data/zhidao/20150427_543a712e5973ca6b8a000296@spider3-dbn.rhcloud.com/
tar -zxvf /data/zhidao/20150427_543a712e5973ca6b8a000296@spider3-dbn.rhcloud.com.tar.gz -C /data/zhidao/20150427_543a712e5973ca6b8a000296@spider3-dbn.rhcloud.com/
rm -rf /data/zhidao/20150427_543a70ed5973ca017e00006f@spider2-dbn.rhcloud.com/
mkdir /data/zhidao/20150427_543a70ed5973ca017e00006f@spider2-dbn.rhcloud.com/
tar -zxvf /data/zhidao/20150427_543a70ed5973ca017e00006f@spider2-dbn.rhcloud.com.tar.gz -C /data/zhidao/20150427_543a70ed5973ca017e00006f@spider2-dbn.rhcloud.com/
rm -rf /data/zhidao/20150427_5445031f5004469e9d00007d@spider17-dbn6.rhcloud.com/
mkdir /data/zhidao/20150427_5445031f5004469e9d00007d@spider17-dbn6.rhcloud.com/
tar -zxvf /data/zhidao/20150427_5445031f5004469e9d00007d@spider17-dbn6.rhcloud.com.tar.gz -C /data/zhidao/20150427_5445031f5004469e9d00007d@spider17-dbn6.rhcloud.com/
rm -rf /data/zhidao/20150427_54450a355004464b58000710@spider24-dbn8.rhcloud.com/
mkdir /data/zhidao/20150427_54450a355004464b58000710@spider24-dbn8.rhcloud.com/
tar -zxvf /data/zhidao/20150427_54450a355004464b58000710@spider24-dbn8.rhcloud.com.tar.gz -C /data/zhidao/20150427_54450a355004464b58000710@spider24-dbn8.rhcloud.com/
rm -rf /data/zhidao/20150427_5444ed7fe0b8cdbc8f0000e8@spider16-dbn6.rhcloud.com/
mkdir /data/zhidao/20150427_5444ed7fe0b8cdbc8f0000e8@spider16-dbn6.rhcloud.com/
tar -zxvf /data/zhidao/20150427_5444ed7fe0b8cdbc8f0000e8@spider16-dbn6.rhcloud.com.tar.gz -C /data/zhidao/20150427_5444ed7fe0b8cdbc8f0000e8@spider16-dbn6.rhcloud.com/
rm -rf /data/zhidao/20150427_544503fb4382ec935c000050@spider18-dbn6.rhcloud.com/
mkdir /data/zhidao/20150427_544503fb4382ec935c000050@spider18-dbn6.rhcloud.com/
tar -zxvf /data/zhidao/20150427_544503fb4382ec935c000050@spider18-dbn6.rhcloud.com.tar.gz -C /data/zhidao/20150427_544503fb4382ec935c000050@spider18-dbn6.rhcloud.com/
rm -rf /data/zhidao/20150427_543f9276e0b8cdf590001890@spider14-dbn5.rhcloud.com/
mkdir /data/zhidao/20150427_543f9276e0b8cdf590001890@spider14-dbn5.rhcloud.com/
tar -zxvf /data/zhidao/20150427_543f9276e0b8cdf590001890@spider14-dbn5.rhcloud.com.tar.gz -C /data/zhidao/20150427_543f9276e0b8cdf590001890@spider14-dbn5.rhcloud.com/
rm -rf /data/zhidao/20150427_543f91aee0b8cdaf6900014a@spider13-dbn5.rhcloud.com/
mkdir /data/zhidao/20150427_543f91aee0b8cdaf6900014a@spider13-dbn5.rhcloud.com/
tar -zxvf /data/zhidao/20150427_543f91aee0b8cdaf6900014a@spider13-dbn5.rhcloud.com.tar.gz -C /data/zhidao/20150427_543f91aee0b8cdaf6900014a@spider13-dbn5.rhcloud.com/
rm -rf /data/zhidao/20150427_544508f1500446f5f4000425@spider22-dbn8.rhcloud.com/
mkdir /data/zhidao/20150427_544508f1500446f5f4000425@spider22-dbn8.rhcloud.com/
tar -zxvf /data/zhidao/20150427_544508f1500446f5f4000425@spider22-dbn8.rhcloud.com.tar.gz -C /data/zhidao/20150427_544508f1500446f5f4000425@spider22-dbn8.rhcloud.com/
rm -rf /data/zhidao/20150427_543a92c25973ca8264000611@spider3-dbn3.rhcloud.com/
mkdir /data/zhidao/20150427_543a92c25973ca8264000611@spider3-dbn3.rhcloud.com/
tar -zxvf /data/zhidao/20150427_543a92c25973ca8264000611@spider3-dbn3.rhcloud.com.tar.gz -C /data/zhidao/20150427_543a92c25973ca8264000611@spider3-dbn3.rhcloud.com/
rm -rf /data/zhidao/20150427_543a84935973ca6b8a000462@spider2-dbn2.rhcloud.com/
mkdir /data/zhidao/20150427_543a84935973ca6b8a000462@spider2-dbn2.rhcloud.com/
tar -zxvf /data/zhidao/20150427_543a84935973ca6b8a000462@spider2-dbn2.rhcloud.com.tar.gz -C /data/zhidao/20150427_543a84935973ca6b8a000462@spider2-dbn2.rhcloud.com/
rm -rf /data/zhidao/20150427_543a7d935973ca82640003ae@spider1-dbn1.rhcloud.com/
mkdir /data/zhidao/20150427_543a7d935973ca82640003ae@spider1-dbn1.rhcloud.com/
tar -zxvf /data/zhidao/20150427_543a7d935973ca82640003ae@spider1-dbn1.rhcloud.com.tar.gz -C /data/zhidao/20150427_543a7d935973ca82640003ae@spider1-dbn1.rhcloud.com/
rm -rf /data/zhidao/20150427_5445060b5973ca01390003cf@spider19-dbn7.rhcloud.com/
mkdir /data/zhidao/20150427_5445060b5973ca01390003cf@spider19-dbn7.rhcloud.com/
tar -zxvf /data/zhidao/20150427_5445060b5973ca01390003cf@spider19-dbn7.rhcloud.com.tar.gz -C /data/zhidao/20150427_5445060b5973ca01390003cf@spider19-dbn7.rhcloud.com/
rm /data/zhidao/20150427.finish
not finded new package
not finded new package
not finded new package
not finded new package
finded new package 20150428
rm -rf /data/zhidao/20150428_543a90d04382ecd2260004e9@spider1-dbn3.rhcloud.com/
mkdir /data/zhidao/20150428_543a90d04382ecd2260004e9@spider1-dbn3.rhcloud.com/
tar -zxvf /data/zhidao/20150428_543a90d04382ecd2260004e9@spider1-dbn3.rhcloud.com.tar.gz -C /data/zhidao/20150428_543a90d04382ecd2260004e9@spider1-dbn3.rhcloud.com/
rm -rf /data/zhidao/20150428_543a84935973ca6b8a000462@spider2-dbn2.rhcloud.com/
mkdir /data/zhidao/20150428_543a84935973ca6b8a000462@spider2-dbn2.rhcloud.com/
tar -zxvf /data/zhidao/20150428_543a84935973ca6b8a000462@spider2-dbn2.rhcloud.com.tar.gz -C /data/zhidao/20150428_543a84935973ca6b8a000462@spider2-dbn2.rhcloud.com/
rm -rf /data/zhidao/20150428_543f91aee0b8cdaf6900014a@spider13-dbn5.rhcloud.com/
mkdir /data/zhidao/20150428_543f91aee0b8cdaf6900014a@spider13-dbn5.rhcloud.com/
tar -zxvf /data/zhidao/20150428_543f91aee0b8cdaf6900014a@spider13-dbn5.rhcloud.com.tar.gz -C /data/zhidao/20150428_543f91aee0b8cdaf6900014a@spider13-dbn5.rhcloud.com/
rm -rf /data/zhidao/20150428_543a693e5973ca6b8a000203@spider1-dbn.rhcloud.com/
mkdir /data/zhidao/20150428_543a693e5973ca6b8a000203@spider1-dbn.rhcloud.com/
tar -zxvf /data/zhidao/20150428_543a693e5973ca6b8a000203@spider1-dbn.rhcloud.com.tar.gz -C /data/zhidao/20150428_543a693e5973ca6b8a000203@spider1-dbn.rhcloud.com/
rm -rf /data/zhidao/20150428_543a712e5973ca6b8a000296@spider3-dbn.rhcloud.com/
mkdir /data/zhidao/20150428_543a712e5973ca6b8a000296@spider3-dbn.rhcloud.com/
tar -zxvf /data/zhidao/20150428_543a712e5973ca6b8a000296@spider3-dbn.rhcloud.com.tar.gz -C /data/zhidao/20150428_543a712e5973ca6b8a000296@spider3-dbn.rhcloud.com/
rm -rf /data/zhidao/20150428_546472a25973ca570100008f@spider30-dbn10.rhcloud.com/
mkdir /data/zhidao/20150428_546472a25973ca570100008f@spider30-dbn10.rhcloud.com/
tar -zxvf /data/zhidao/20150428_546472a25973ca570100008f@spider30-dbn10.rhcloud.com.tar.gz -C /data/zhidao/20150428_546472a25973ca570100008f@spider30-dbn10.rhcloud.com/
rm -rf /data/zhidao/20150428_543a92c25973ca8264000611@spider3-dbn3.rhcloud.com/
mkdir /data/zhidao/20150428_543a92c25973ca8264000611@spider3-dbn3.rhcloud.com/
tar -zxvf /data/zhidao/20150428_543a92c25973ca8264000611@spider3-dbn3.rhcloud.com.tar.gz -C /data/zhidao/20150428_543a92c25973ca8264000611@spider3-dbn3.rhcloud.com/
rm -rf /data/zhidao/20150428_543a7eb4e0b8cd5c230009e5@spider3-dbn1.rhcloud.com/
mkdir /data/zhidao/20150428_543a7eb4e0b8cd5c230009e5@spider3-dbn1.rhcloud.com/
tar -zxvf /data/zhidao/20150428_543a7eb4e0b8cd5c230009e5@spider3-dbn1.rhcloud.com.tar.gz -C /data/zhidao/20150428_543a7eb4e0b8cd5c230009e5@spider3-dbn1.rhcloud.com/
rm -rf /data/zhidao/20150428_544507cd4382ec4950000599@spider21-dbn7.rhcloud.com/
mkdir /data/zhidao/20150428_544507cd4382ec4950000599@spider21-dbn7.rhcloud.com/
tar -zxvf /data/zhidao/20150428_544507cd4382ec4950000599@spider21-dbn7.rhcloud.com.tar.gz -C /data/zhidao/20150428_544507cd4382ec4950000599@spider21-dbn7.rhcloud.com/
rm -rf /data/zhidao/20150428_543a84ede0b8cd610b00046b@spider3-dbn2.rhcloud.com/
mkdir /data/zhidao/20150428_543a84ede0b8cd610b00046b@spider3-dbn2.rhcloud.com/
tar -zxvf /data/zhidao/20150428_543a84ede0b8cd610b00046b@spider3-dbn2.rhcloud.com.tar.gz -C /data/zhidao/20150428_543a84ede0b8cd610b00046b@spider3-dbn2.rhcloud.com/
rm -rf /data/zhidao/20150428_54646f4e5973ca18290000b9@spider27-dbn9.rhcloud.com/
mkdir /data/zhidao/20150428_54646f4e5973ca18290000b9@spider27-dbn9.rhcloud.com/
tar -zxvf /data/zhidao/20150428_54646f4e5973ca18290000b9@spider27-dbn9.rhcloud.com.tar.gz -C /data/zhidao/20150428_54646f4e5973ca18290000b9@spider27-dbn9.rhcloud.com/
rm -rf /data/zhidao/20150428_5445031f5004469e9d00007d@spider17-dbn6.rhcloud.com/
mkdir /data/zhidao/20150428_5445031f5004469e9d00007d@spider17-dbn6.rhcloud.com/
tar -zxvf /data/zhidao/20150428_5445031f5004469e9d00007d@spider17-dbn6.rhcloud.com.tar.gz -C /data/zhidao/20150428_5445031f5004469e9d00007d@spider17-dbn6.rhcloud.com/
rm -rf /data/zhidao/20150428_54646e1f5973ca0b610000c5@spider26-dbn9.rhcloud.com/
mkdir /data/zhidao/20150428_54646e1f5973ca0b610000c5@spider26-dbn9.rhcloud.com/
tar -zxvf /data/zhidao/20150428_54646e1f5973ca0b610000c5@spider26-dbn9.rhcloud.com.tar.gz -C /data/zhidao/20150428_54646e1f5973ca0b610000c5@spider26-dbn9.rhcloud.com/
rm -rf /data/zhidao/20150428_5464723fe0b8cd8060000146@spider29-dbn10.rhcloud.com/
mkdir /data/zhidao/20150428_5464723fe0b8cd8060000146@spider29-dbn10.rhcloud.com/
tar -zxvf /data/zhidao/20150428_5464723fe0b8cd8060000146@spider29-dbn10.rhcloud.com.tar.gz -C /data/zhidao/20150428_5464723fe0b8cd8060000146@spider29-dbn10.rhcloud.com/
rm -rf /data/zhidao/20150428_54450a355004464b58000710@spider24-dbn8.rhcloud.com/
mkdir /data/zhidao/20150428_54450a355004464b58000710@spider24-dbn8.rhcloud.com/
tar -zxvf /data/zhidao/20150428_54450a355004464b58000710@spider24-dbn8.rhcloud.com.tar.gz -C /data/zhidao/20150428_54450a355004464b58000710@spider24-dbn8.rhcloud.com/
rm -rf /data/zhidao/20150428_54646b62ecb8d437130006ee@spider25-dbn9.rhcloud.com/
mkdir /data/zhidao/20150428_54646b62ecb8d437130006ee@spider25-dbn9.rhcloud.com/
tar -zxvf /data/zhidao/20150428_54646b62ecb8d437130006ee@spider25-dbn9.rhcloud.com.tar.gz -C /data/zhidao/20150428_54646b62ecb8d437130006ee@spider25-dbn9.rhcloud.com/
rm -rf /data/zhidao/20150428_543f9276e0b8cdf590001890@spider14-dbn5.rhcloud.com/
mkdir /data/zhidao/20150428_543f9276e0b8cdf590001890@spider14-dbn5.rhcloud.com/
tar -zxvf /data/zhidao/20150428_543f9276e0b8cdf590001890@spider14-dbn5.rhcloud.com.tar.gz -C /data/zhidao/20150428_543f9276e0b8cdf590001890@spider14-dbn5.rhcloud.com/
rm -rf /data/zhidao/20150428_543a70ed5973ca017e00006f@spider2-dbn.rhcloud.com/
mkdir /data/zhidao/20150428_543a70ed5973ca017e00006f@spider2-dbn.rhcloud.com/
tar -zxvf /data/zhidao/20150428_543a70ed5973ca017e00006f@spider2-dbn.rhcloud.com.tar.gz -C /data/zhidao/20150428_543a70ed5973ca017e00006f@spider2-dbn.rhcloud.com/
rm -rf /data/zhidao/20150428_544503fb4382ec935c000050@spider18-dbn6.rhcloud.com/
mkdir /data/zhidao/20150428_544503fb4382ec935c000050@spider18-dbn6.rhcloud.com/
tar -zxvf /data/zhidao/20150428_544503fb4382ec935c000050@spider18-dbn6.rhcloud.com.tar.gz -C /data/zhidao/20150428_544503fb4382ec935c000050@spider18-dbn6.rhcloud.com/
rm -rf /data/zhidao/20150428_5445074a4382eca364000483@spider20-dbn7.rhcloud.com/
mkdir /data/zhidao/20150428_5445074a4382eca364000483@spider20-dbn7.rhcloud.com/
tar -zxvf /data/zhidao/20150428_5445074a4382eca364000483@spider20-dbn7.rhcloud.com.tar.gz -C /data/zhidao/20150428_5445074a4382eca364000483@spider20-dbn7.rhcloud.com/
rm -rf /data/zhidao/20150428_5444ed7fe0b8cdbc8f0000e8@spider16-dbn6.rhcloud.com/
mkdir /data/zhidao/20150428_5444ed7fe0b8cdbc8f0000e8@spider16-dbn6.rhcloud.com/
tar -zxvf /data/zhidao/20150428_5444ed7fe0b8cdbc8f0000e8@spider16-dbn6.rhcloud.com.tar.gz -C /data/zhidao/20150428_5444ed7fe0b8cdbc8f0000e8@spider16-dbn6.rhcloud.com/
rm -rf /data/zhidao/20150428_5445060b5973ca01390003cf@spider19-dbn7.rhcloud.com/
mkdir /data/zhidao/20150428_5445060b5973ca01390003cf@spider19-dbn7.rhcloud.com/
tar -zxvf /data/zhidao/20150428_5445060b5973ca01390003cf@spider19-dbn7.rhcloud.com.tar.gz -C /data/zhidao/20150428_5445060b5973ca01390003cf@spider19-dbn7.rhcloud.com/
rm -rf /data/zhidao/20150428_543a7e3de0b8cd5c230009b8@spider2-dbn1.rhcloud.com/
mkdir /data/zhidao/20150428_543a7e3de0b8cd5c230009b8@spider2-dbn1.rhcloud.com/
tar -zxvf /data/zhidao/20150428_543a7e3de0b8cd5c230009b8@spider2-dbn1.rhcloud.com.tar.gz -C /data/zhidao/20150428_543a7e3de0b8cd5c230009b8@spider2-dbn1.rhcloud.com/
rm -rf /data/zhidao/20150428_544508f1500446f5f4000425@spider22-dbn8.rhcloud.com/
mkdir /data/zhidao/20150428_544508f1500446f5f4000425@spider22-dbn8.rhcloud.com/
tar -zxvf /data/zhidao/20150428_544508f1500446f5f4000425@spider22-dbn8.rhcloud.com.tar.gz -C /data/zhidao/20150428_544508f1500446f5f4000425@spider22-dbn8.rhcloud.com/
rm -rf /data/zhidao/20150428_543a91bd4382ecd226000509@spider2-dbn3.rhcloud.com/
mkdir /data/zhidao/20150428_543a91bd4382ecd226000509@spider2-dbn3.rhcloud.com/
tar -zxvf /data/zhidao/20150428_543a91bd4382ecd226000509@spider2-dbn3.rhcloud.com.tar.gz -C /data/zhidao/20150428_543a91bd4382ecd226000509@spider2-dbn3.rhcloud.com/
rm /data/zhidao/20150428.finish
not finded new package
not finded new package
not finded new package
not finded new package
finded new package 20150429
rm -rf /data/zhidao/20150429_5445031f5004469e9d00007d@spider17-dbn6.rhcloud.com/
mkdir /data/zhidao/20150429_5445031f5004469e9d00007d@spider17-dbn6.rhcloud.com/
tar -zxvf /data/zhidao/20150429_5445031f5004469e9d00007d@spider17-dbn6.rhcloud.com.tar.gz -C /data/zhidao/20150429_5445031f5004469e9d00007d@spider17-dbn6.rhcloud.com/
rm -rf /data/zhidao/20150429_543f9276e0b8cdf590001890@spider14-dbn5.rhcloud.com/
mkdir /data/zhidao/20150429_543f9276e0b8cdf590001890@spider14-dbn5.rhcloud.com/
tar -zxvf /data/zhidao/20150429_543f9276e0b8cdf590001890@spider14-dbn5.rhcloud.com.tar.gz -C /data/zhidao/20150429_543f9276e0b8cdf590001890@spider14-dbn5.rhcloud.com/
rm -rf /data/zhidao/20150429_543a70ed5973ca017e00006f@spider2-dbn.rhcloud.com/
mkdir /data/zhidao/20150429_543a70ed5973ca017e00006f@spider2-dbn.rhcloud.com/
tar -zxvf /data/zhidao/20150429_543a70ed5973ca017e00006f@spider2-dbn.rhcloud.com.tar.gz -C /data/zhidao/20150429_543a70ed5973ca017e00006f@spider2-dbn.rhcloud.com/
rm -rf /data/zhidao/20150429_544503fb4382ec935c000050@spider18-dbn6.rhcloud.com/
mkdir /data/zhidao/20150429_544503fb4382ec935c000050@spider18-dbn6.rhcloud.com/
tar -zxvf /data/zhidao/20150429_544503fb4382ec935c000050@spider18-dbn6.rhcloud.com.tar.gz -C /data/zhidao/20150429_544503fb4382ec935c000050@spider18-dbn6.rhcloud.com/
rm -rf /data/zhidao/20150429_543a90d04382ecd2260004e9@spider1-dbn3.rhcloud.com/
mkdir /data/zhidao/20150429_543a90d04382ecd2260004e9@spider1-dbn3.rhcloud.com/
tar -zxvf /data/zhidao/20150429_543a90d04382ecd2260004e9@spider1-dbn3.rhcloud.com.tar.gz -C /data/zhidao/20150429_543a90d04382ecd2260004e9@spider1-dbn3.rhcloud.com/
rm -rf /data/zhidao/20150429_543a84935973ca6b8a000462@spider2-dbn2.rhcloud.com/
mkdir /data/zhidao/20150429_543a84935973ca6b8a000462@spider2-dbn2.rhcloud.com/
tar -zxvf /data/zhidao/20150429_543a84935973ca6b8a000462@spider2-dbn2.rhcloud.com.tar.gz -C /data/zhidao/20150429_543a84935973ca6b8a000462@spider2-dbn2.rhcloud.com/
rm -rf /data/zhidao/20150429_544507cd4382ec4950000599@spider21-dbn7.rhcloud.com/
mkdir /data/zhidao/20150429_544507cd4382ec4950000599@spider21-dbn7.rhcloud.com/
tar -zxvf /data/zhidao/20150429_544507cd4382ec4950000599@spider21-dbn7.rhcloud.com.tar.gz -C /data/zhidao/20150429_544507cd4382ec4950000599@spider21-dbn7.rhcloud.com/
rm -rf /data/zhidao/20150429_54646f4e5973ca18290000b9@spider27-dbn9.rhcloud.com/
mkdir /data/zhidao/20150429_54646f4e5973ca18290000b9@spider27-dbn9.rhcloud.com/
tar -zxvf /data/zhidao/20150429_54646f4e5973ca18290000b9@spider27-dbn9.rhcloud.com.tar.gz -C /data/zhidao/20150429_54646f4e5973ca18290000b9@spider27-dbn9.rhcloud.com/
rm -rf /data/zhidao/20150429_546471b0e0b8cd8060000123@spider28-dbn10.rhcloud.com/
mkdir /data/zhidao/20150429_546471b0e0b8cd8060000123@spider28-dbn10.rhcloud.com/
tar -zxvf /data/zhidao/20150429_546471b0e0b8cd8060000123@spider28-dbn10.rhcloud.com.tar.gz -C /data/zhidao/20150429_546471b0e0b8cd8060000123@spider28-dbn10.rhcloud.com/
rm -rf /data/zhidao/20150429_5464723fe0b8cd8060000146@spider29-dbn10.rhcloud.com/
mkdir /data/zhidao/20150429_5464723fe0b8cd8060000146@spider29-dbn10.rhcloud.com/
tar -zxvf /data/zhidao/20150429_5464723fe0b8cd8060000146@spider29-dbn10.rhcloud.com.tar.gz -C /data/zhidao/20150429_5464723fe0b8cd8060000146@spider29-dbn10.rhcloud.com/
rm -rf /data/zhidao/20150429_543a92c25973ca8264000611@spider3-dbn3.rhcloud.com/
mkdir /data/zhidao/20150429_543a92c25973ca8264000611@spider3-dbn3.rhcloud.com/
tar -zxvf /data/zhidao/20150429_543a92c25973ca8264000611@spider3-dbn3.rhcloud.com.tar.gz -C /data/zhidao/20150429_543a92c25973ca8264000611@spider3-dbn3.rhcloud.com/
rm -rf /data/zhidao/20150429_543a712e5973ca6b8a000296@spider3-dbn.rhcloud.com/
mkdir /data/zhidao/20150429_543a712e5973ca6b8a000296@spider3-dbn.rhcloud.com/
tar -zxvf /data/zhidao/20150429_543a712e5973ca6b8a000296@spider3-dbn.rhcloud.com.tar.gz -C /data/zhidao/20150429_543a712e5973ca6b8a000296@spider3-dbn.rhcloud.com/
rm -rf /data/zhidao/20150429_5445074a4382eca364000483@spider20-dbn7.rhcloud.com/
mkdir /data/zhidao/20150429_5445074a4382eca364000483@spider20-dbn7.rhcloud.com/
tar -zxvf /data/zhidao/20150429_5445074a4382eca364000483@spider20-dbn7.rhcloud.com.tar.gz -C /data/zhidao/20150429_5445074a4382eca364000483@spider20-dbn7.rhcloud.com/
rm -rf /data/zhidao/20150429_5444ed7fe0b8cdbc8f0000e8@spider16-dbn6.rhcloud.com/
mkdir /data/zhidao/20150429_5444ed7fe0b8cdbc8f0000e8@spider16-dbn6.rhcloud.com/
tar -zxvf /data/zhidao/20150429_5444ed7fe0b8cdbc8f0000e8@spider16-dbn6.rhcloud.com.tar.gz -C /data/zhidao/20150429_5444ed7fe0b8cdbc8f0000e8@spider16-dbn6.rhcloud.com/
rm -rf /data/zhidao/20150429_546472a25973ca570100008f@spider30-dbn10.rhcloud.com/
mkdir /data/zhidao/20150429_546472a25973ca570100008f@spider30-dbn10.rhcloud.com/
tar -zxvf /data/zhidao/20150429_546472a25973ca570100008f@spider30-dbn10.rhcloud.com.tar.gz -C /data/zhidao/20150429_546472a25973ca570100008f@spider30-dbn10.rhcloud.com/
rm -rf /data/zhidao/20150429_544508f1500446f5f4000425@spider22-dbn8.rhcloud.com/
mkdir /data/zhidao/20150429_544508f1500446f5f4000425@spider22-dbn8.rhcloud.com/
tar -zxvf /data/zhidao/20150429_544508f1500446f5f4000425@spider22-dbn8.rhcloud.com.tar.gz -C /data/zhidao/20150429_544508f1500446f5f4000425@spider22-dbn8.rhcloud.com/
rm -rf /data/zhidao/20150429_54646b62ecb8d437130006ee@spider25-dbn9.rhcloud.com/
mkdir /data/zhidao/20150429_54646b62ecb8d437130006ee@spider25-dbn9.rhcloud.com/
tar -zxvf /data/zhidao/20150429_54646b62ecb8d437130006ee@spider25-dbn9.rhcloud.com.tar.gz -C /data/zhidao/20150429_54646b62ecb8d437130006ee@spider25-dbn9.rhcloud.com/
rm -rf /data/zhidao/20150429_543a7e3de0b8cd5c230009b8@spider2-dbn1.rhcloud.com/
mkdir /data/zhidao/20150429_543a7e3de0b8cd5c230009b8@spider2-dbn1.rhcloud.com/
tar -zxvf /data/zhidao/20150429_543a7e3de0b8cd5c230009b8@spider2-dbn1.rhcloud.com.tar.gz -C /data/zhidao/20150429_543a7e3de0b8cd5c230009b8@spider2-dbn1.rhcloud.com/
rm -rf /data/zhidao/20150429_54646e1f5973ca0b610000c5@spider26-dbn9.rhcloud.com/
mkdir /data/zhidao/20150429_54646e1f5973ca0b610000c5@spider26-dbn9.rhcloud.com/
tar -zxvf /data/zhidao/20150429_54646e1f5973ca0b610000c5@spider26-dbn9.rhcloud.com.tar.gz -C /data/zhidao/20150429_54646e1f5973ca0b610000c5@spider26-dbn9.rhcloud.com/
rm -rf /data/zhidao/20150429_543a84ede0b8cd610b00046b@spider3-dbn2.rhcloud.com/
mkdir /data/zhidao/20150429_543a84ede0b8cd610b00046b@spider3-dbn2.rhcloud.com/
tar -zxvf /data/zhidao/20150429_543a84ede0b8cd610b00046b@spider3-dbn2.rhcloud.com.tar.gz -C /data/zhidao/20150429_543a84ede0b8cd610b00046b@spider3-dbn2.rhcloud.com/
rm -rf /data/zhidao/20150429_54450a355004464b58000710@spider24-dbn8.rhcloud.com/
mkdir /data/zhidao/20150429_54450a355004464b58000710@spider24-dbn8.rhcloud.com/
tar -zxvf /data/zhidao/20150429_54450a355004464b58000710@spider24-dbn8.rhcloud.com.tar.gz -C /data/zhidao/20150429_54450a355004464b58000710@spider24-dbn8.rhcloud.com/
rm -rf /data/zhidao/20150429_543a693e5973ca6b8a000203@spider1-dbn.rhcloud.com/
mkdir /data/zhidao/20150429_543a693e5973ca6b8a000203@spider1-dbn.rhcloud.com/
tar -zxvf /data/zhidao/20150429_543a693e5973ca6b8a000203@spider1-dbn.rhcloud.com.tar.gz -C /data/zhidao/20150429_543a693e5973ca6b8a000203@spider1-dbn.rhcloud.com/
rm -rf /data/zhidao/20150429_543a91bd4382ecd226000509@spider2-dbn3.rhcloud.com/
mkdir /data/zhidao/20150429_543a91bd4382ecd226000509@spider2-dbn3.rhcloud.com/
tar -zxvf /data/zhidao/20150429_543a91bd4382ecd226000509@spider2-dbn3.rhcloud.com.tar.gz -C /data/zhidao/20150429_543a91bd4382ecd226000509@spider2-dbn3.rhcloud.com/
rm -rf /data/zhidao/20150429_5445060b5973ca01390003cf@spider19-dbn7.rhcloud.com/
mkdir /data/zhidao/20150429_5445060b5973ca01390003cf@spider19-dbn7.rhcloud.com/
tar -zxvf /data/zhidao/20150429_5445060b5973ca01390003cf@spider19-dbn7.rhcloud.com.tar.gz -C /data/zhidao/20150429_5445060b5973ca01390003cf@spider19-dbn7.rhcloud.com/
rm -rf /data/zhidao/20150429_543f91aee0b8cdaf6900014a@spider13-dbn5.rhcloud.com/
mkdir /data/zhidao/20150429_543f91aee0b8cdaf6900014a@spider13-dbn5.rhcloud.com/
tar -zxvf /data/zhidao/20150429_543f91aee0b8cdaf6900014a@spider13-dbn5.rhcloud.com.tar.gz -C /data/zhidao/20150429_543f91aee0b8cdaf6900014a@spider13-dbn5.rhcloud.com/
rm /data/zhidao/20150429.finish
not finded new package
not finded new package
not finded new package
not finded new package
finded new package 20150430
rm -rf /data/zhidao/20150430_543f9276e0b8cdf590001890@spider14-dbn5.rhcloud.com/
mkdir /data/zhidao/20150430_543f9276e0b8cdf590001890@spider14-dbn5.rhcloud.com/
tar -zxvf /data/zhidao/20150430_543f9276e0b8cdf590001890@spider14-dbn5.rhcloud.com.tar.gz -C /data/zhidao/20150430_543f9276e0b8cdf590001890@spider14-dbn5.rhcloud.com/
rm -rf /data/zhidao/20150430_546472a25973ca570100008f@spider30-dbn10.rhcloud.com/
mkdir /data/zhidao/20150430_546472a25973ca570100008f@spider30-dbn10.rhcloud.com/
tar -zxvf /data/zhidao/20150430_546472a25973ca570100008f@spider30-dbn10.rhcloud.com.tar.gz -C /data/zhidao/20150430_546472a25973ca570100008f@spider30-dbn10.rhcloud.com/
rm -rf /data/zhidao/20150430_543a693e5973ca6b8a000203@spider1-dbn.rhcloud.com/
mkdir /data/zhidao/20150430_543a693e5973ca6b8a000203@spider1-dbn.rhcloud.com/
tar -zxvf /data/zhidao/20150430_543a693e5973ca6b8a000203@spider1-dbn.rhcloud.com.tar.gz -C /data/zhidao/20150430_543a693e5973ca6b8a000203@spider1-dbn.rhcloud.com/
rm -rf /data/zhidao/20150430_543a84ede0b8cd610b00046b@spider3-dbn2.rhcloud.com/
mkdir /data/zhidao/20150430_543a84ede0b8cd610b00046b@spider3-dbn2.rhcloud.com/
tar -zxvf /data/zhidao/20150430_543a84ede0b8cd610b00046b@spider3-dbn2.rhcloud.com.tar.gz -C /data/zhidao/20150430_543a84ede0b8cd610b00046b@spider3-dbn2.rhcloud.com/
rm -rf /data/zhidao/20150430_54646e1f5973ca0b610000c5@spider26-dbn9.rhcloud.com/
mkdir /data/zhidao/20150430_54646e1f5973ca0b610000c5@spider26-dbn9.rhcloud.com/
tar -zxvf /data/zhidao/20150430_54646e1f5973ca0b610000c5@spider26-dbn9.rhcloud.com.tar.gz -C /data/zhidao/20150430_54646e1f5973ca0b610000c5@spider26-dbn9.rhcloud.com/
rm -rf /data/zhidao/20150430_54646b62ecb8d437130006ee@spider25-dbn9.rhcloud.com/
mkdir /data/zhidao/20150430_54646b62ecb8d437130006ee@spider25-dbn9.rhcloud.com/
tar -zxvf /data/zhidao/20150430_54646b62ecb8d437130006ee@spider25-dbn9.rhcloud.com.tar.gz -C /data/zhidao/20150430_54646b62ecb8d437130006ee@spider25-dbn9.rhcloud.com/
rm -rf /data/zhidao/20150430_5445074a4382eca364000483@spider20-dbn7.rhcloud.com/
mkdir /data/zhidao/20150430_5445074a4382eca364000483@spider20-dbn7.rhcloud.com/
tar -zxvf /data/zhidao/20150430_5445074a4382eca364000483@spider20-dbn7.rhcloud.com.tar.gz -C /data/zhidao/20150430_5445074a4382eca364000483@spider20-dbn7.rhcloud.com/
rm -rf /data/zhidao/20150430_546471b0e0b8cd8060000123@spider28-dbn10.rhcloud.com/
mkdir /data/zhidao/20150430_546471b0e0b8cd8060000123@spider28-dbn10.rhcloud.com/
tar -zxvf /data/zhidao/20150430_546471b0e0b8cd8060000123@spider28-dbn10.rhcloud.com.tar.gz -C /data/zhidao/20150430_546471b0e0b8cd8060000123@spider28-dbn10.rhcloud.com/
rm -rf /data/zhidao/20150430_543a84935973ca6b8a000462@spider2-dbn2.rhcloud.com/
mkdir /data/zhidao/20150430_543a84935973ca6b8a000462@spider2-dbn2.rhcloud.com/
tar -zxvf /data/zhidao/20150430_543a84935973ca6b8a000462@spider2-dbn2.rhcloud.com.tar.gz -C /data/zhidao/20150430_543a84935973ca6b8a000462@spider2-dbn2.rhcloud.com/
rm -rf /data/zhidao/20150430_544508f1500446f5f4000425@spider22-dbn8.rhcloud.com/
mkdir /data/zhidao/20150430_544508f1500446f5f4000425@spider22-dbn8.rhcloud.com/
tar -zxvf /data/zhidao/20150430_544508f1500446f5f4000425@spider22-dbn8.rhcloud.com.tar.gz -C /data/zhidao/20150430_544508f1500446f5f4000425@spider22-dbn8.rhcloud.com/
rm -rf /data/zhidao/20150430_5445031f5004469e9d00007d@spider17-dbn6.rhcloud.com/
mkdir /data/zhidao/20150430_5445031f5004469e9d00007d@spider17-dbn6.rhcloud.com/
tar -zxvf /data/zhidao/20150430_5445031f5004469e9d00007d@spider17-dbn6.rhcloud.com.tar.gz -C /data/zhidao/20150430_5445031f5004469e9d00007d@spider17-dbn6.rhcloud.com/
rm -rf /data/zhidao/20150430_543a91bd4382ecd226000509@spider2-dbn3.rhcloud.com/
mkdir /data/zhidao/20150430_543a91bd4382ecd226000509@spider2-dbn3.rhcloud.com/
tar -zxvf /data/zhidao/20150430_543a91bd4382ecd226000509@spider2-dbn3.rhcloud.com.tar.gz -C /data/zhidao/20150430_543a91bd4382ecd226000509@spider2-dbn3.rhcloud.com/
rm -rf /data/zhidao/20150430_543a7e3de0b8cd5c230009b8@spider2-dbn1.rhcloud.com/
mkdir /data/zhidao/20150430_543a7e3de0b8cd5c230009b8@spider2-dbn1.rhcloud.com/
tar -zxvf /data/zhidao/20150430_543a7e3de0b8cd5c230009b8@spider2-dbn1.rhcloud.com.tar.gz -C /data/zhidao/20150430_543a7e3de0b8cd5c230009b8@spider2-dbn1.rhcloud.com/
rm -rf /data/zhidao/20150430_543a92c25973ca8264000611@spider3-dbn3.rhcloud.com/
mkdir /data/zhidao/20150430_543a92c25973ca8264000611@spider3-dbn3.rhcloud.com/
tar -zxvf /data/zhidao/20150430_543a92c25973ca8264000611@spider3-dbn3.rhcloud.com.tar.gz -C /data/zhidao/20150430_543a92c25973ca8264000611@spider3-dbn3.rhcloud.com/
rm -rf /data/zhidao/20150430_544507cd4382ec4950000599@spider21-dbn7.rhcloud.com/
mkdir /data/zhidao/20150430_544507cd4382ec4950000599@spider21-dbn7.rhcloud.com/
tar -zxvf /data/zhidao/20150430_544507cd4382ec4950000599@spider21-dbn7.rhcloud.com.tar.gz -C /data/zhidao/20150430_544507cd4382ec4950000599@spider21-dbn7.rhcloud.com/
rm -rf /data/zhidao/20150430_543a70ed5973ca017e00006f@spider2-dbn.rhcloud.com/
mkdir /data/zhidao/20150430_543a70ed5973ca017e00006f@spider2-dbn.rhcloud.com/
tar -zxvf /data/zhidao/20150430_543a70ed5973ca017e00006f@spider2-dbn.rhcloud.com.tar.gz -C /data/zhidao/20150430_543a70ed5973ca017e00006f@spider2-dbn.rhcloud.com/
rm -rf /data/zhidao/20150430_5444ed7fe0b8cdbc8f0000e8@spider16-dbn6.rhcloud.com/
mkdir /data/zhidao/20150430_5444ed7fe0b8cdbc8f0000e8@spider16-dbn6.rhcloud.com/
tar -zxvf /data/zhidao/20150430_5444ed7fe0b8cdbc8f0000e8@spider16-dbn6.rhcloud.com.tar.gz -C /data/zhidao/20150430_5444ed7fe0b8cdbc8f0000e8@spider16-dbn6.rhcloud.com/
rm -rf /data/zhidao/20150430_54646f4e5973ca18290000b9@spider27-dbn9.rhcloud.com/
mkdir /data/zhidao/20150430_54646f4e5973ca18290000b9@spider27-dbn9.rhcloud.com/
tar -zxvf /data/zhidao/20150430_54646f4e5973ca18290000b9@spider27-dbn9.rhcloud.com.tar.gz -C /data/zhidao/20150430_54646f4e5973ca18290000b9@spider27-dbn9.rhcloud.com/
rm -rf /data/zhidao/20150430_544503fb4382ec935c000050@spider18-dbn6.rhcloud.com/
mkdir /data/zhidao/20150430_544503fb4382ec935c000050@spider18-dbn6.rhcloud.com/
tar -zxvf /data/zhidao/20150430_544503fb4382ec935c000050@spider18-dbn6.rhcloud.com.tar.gz -C /data/zhidao/20150430_544503fb4382ec935c000050@spider18-dbn6.rhcloud.com/
rm -rf /data/zhidao/20150430_543f91aee0b8cdaf6900014a@spider13-dbn5.rhcloud.com/
mkdir /data/zhidao/20150430_543f91aee0b8cdaf6900014a@spider13-dbn5.rhcloud.com/
tar -zxvf /data/zhidao/20150430_543f91aee0b8cdaf6900014a@spider13-dbn5.rhcloud.com.tar.gz -C /data/zhidao/20150430_543f91aee0b8cdaf6900014a@spider13-dbn5.rhcloud.com/
rm -rf /data/zhidao/20150430_5445060b5973ca01390003cf@spider19-dbn7.rhcloud.com/
mkdir /data/zhidao/20150430_5445060b5973ca01390003cf@spider19-dbn7.rhcloud.com/
tar -zxvf /data/zhidao/20150430_5445060b5973ca01390003cf@spider19-dbn7.rhcloud.com.tar.gz -C /data/zhidao/20150430_5445060b5973ca01390003cf@spider19-dbn7.rhcloud.com/
rm -rf /data/zhidao/20150430_54450a355004464b58000710@spider24-dbn8.rhcloud.com/
mkdir /data/zhidao/20150430_54450a355004464b58000710@spider24-dbn8.rhcloud.com/
tar -zxvf /data/zhidao/20150430_54450a355004464b58000710@spider24-dbn8.rhcloud.com.tar.gz -C /data/zhidao/20150430_54450a355004464b58000710@spider24-dbn8.rhcloud.com/
rm -rf /data/zhidao/20150430_543a90d04382ecd2260004e9@spider1-dbn3.rhcloud.com/
mkdir /data/zhidao/20150430_543a90d04382ecd2260004e9@spider1-dbn3.rhcloud.com/
tar -zxvf /data/zhidao/20150430_543a90d04382ecd2260004e9@spider1-dbn3.rhcloud.com.tar.gz -C /data/zhidao/20150430_543a90d04382ecd2260004e9@spider1-dbn3.rhcloud.com/
rm -rf /data/zhidao/20150430_543a712e5973ca6b8a000296@spider3-dbn.rhcloud.com/
mkdir /data/zhidao/20150430_543a712e5973ca6b8a000296@spider3-dbn.rhcloud.com/
tar -zxvf /data/zhidao/20150430_543a712e5973ca6b8a000296@spider3-dbn.rhcloud.com.tar.gz -C /data/zhidao/20150430_543a712e5973ca6b8a000296@spider3-dbn.rhcloud.com/
rm -rf /data/zhidao/20150430_5464723fe0b8cd8060000146@spider29-dbn10.rhcloud.com/
mkdir /data/zhidao/20150430_5464723fe0b8cd8060000146@spider29-dbn10.rhcloud.com/
tar -zxvf /data/zhidao/20150430_5464723fe0b8cd8060000146@spider29-dbn10.rhcloud.com.tar.gz -C /data/zhidao/20150430_5464723fe0b8cd8060000146@spider29-dbn10.rhcloud.com/
rm /data/zhidao/20150430.finish
not finded new package
not finded new package
not finded new package
not finded new package
finded new package 20150501
20150501_543a90d04382ecd2260004e9@spider1-dbn3.rhcloud.com.tar.gz md5 error
rm -rf /data/zhidao/20150501_544503fb4382ec935c000050@spider18-dbn6.rhcloud.com/
mkdir /data/zhidao/20150501_544503fb4382ec935c000050@spider18-dbn6.rhcloud.com/
tar -zxvf /data/zhidao/20150501_544503fb4382ec935c000050@spider18-dbn6.rhcloud.com.tar.gz -C /data/zhidao/20150501_544503fb4382ec935c000050@spider18-dbn6.rhcloud.com/
rm -rf /data/zhidao/20150501_543a7e3de0b8cd5c230009b8@spider2-dbn1.rhcloud.com/
mkdir /data/zhidao/20150501_543a7e3de0b8cd5c230009b8@spider2-dbn1.rhcloud.com/
tar -zxvf /data/zhidao/20150501_543a7e3de0b8cd5c230009b8@spider2-dbn1.rhcloud.com.tar.gz -C /data/zhidao/20150501_543a7e3de0b8cd5c230009b8@spider2-dbn1.rhcloud.com/
rm -rf /data/zhidao/20150501_544508f1500446f5f4000425@spider22-dbn8.rhcloud.com/
mkdir /data/zhidao/20150501_544508f1500446f5f4000425@spider22-dbn8.rhcloud.com/
tar -zxvf /data/zhidao/20150501_544508f1500446f5f4000425@spider22-dbn8.rhcloud.com.tar.gz -C /data/zhidao/20150501_544508f1500446f5f4000425@spider22-dbn8.rhcloud.com/
rm -rf /data/zhidao/20150501_544507cd4382ec4950000599@spider21-dbn7.rhcloud.com/
mkdir /data/zhidao/20150501_544507cd4382ec4950000599@spider21-dbn7.rhcloud.com/
tar -zxvf /data/zhidao/20150501_544507cd4382ec4950000599@spider21-dbn7.rhcloud.com.tar.gz -C /data/zhidao/20150501_544507cd4382ec4950000599@spider21-dbn7.rhcloud.com/
rm -rf /data/zhidao/20150501_543f91aee0b8cdaf6900014a@spider13-dbn5.rhcloud.com/
mkdir /data/zhidao/20150501_543f91aee0b8cdaf6900014a@spider13-dbn5.rhcloud.com/
tar -zxvf /data/zhidao/20150501_543f91aee0b8cdaf6900014a@spider13-dbn5.rhcloud.com.tar.gz -C /data/zhidao/20150501_543f91aee0b8cdaf6900014a@spider13-dbn5.rhcloud.com/
rm -rf /data/zhidao/20150501_543a712e5973ca6b8a000296@spider3-dbn.rhcloud.com/
mkdir /data/zhidao/20150501_543a712e5973ca6b8a000296@spider3-dbn.rhcloud.com/
tar -zxvf /data/zhidao/20150501_543a712e5973ca6b8a000296@spider3-dbn.rhcloud.com.tar.gz -C /data/zhidao/20150501_543a712e5973ca6b8a000296@spider3-dbn.rhcloud.com/
rm -rf /data/zhidao/20150501_54646b62ecb8d437130006ee@spider25-dbn9.rhcloud.com/
mkdir /data/zhidao/20150501_54646b62ecb8d437130006ee@spider25-dbn9.rhcloud.com/
tar -zxvf /data/zhidao/20150501_54646b62ecb8d437130006ee@spider25-dbn9.rhcloud.com.tar.gz -C /data/zhidao/20150501_54646b62ecb8d437130006ee@spider25-dbn9.rhcloud.com/
rm -rf /data/zhidao/20150501_54450a355004464b58000710@spider24-dbn8.rhcloud.com/
mkdir /data/zhidao/20150501_54450a355004464b58000710@spider24-dbn8.rhcloud.com/
tar -zxvf /data/zhidao/20150501_54450a355004464b58000710@spider24-dbn8.rhcloud.com.tar.gz -C /data/zhidao/20150501_54450a355004464b58000710@spider24-dbn8.rhcloud.com/
rm -rf /data/zhidao/20150501_543a84935973ca6b8a000462@spider2-dbn2.rhcloud.com/
mkdir /data/zhidao/20150501_543a84935973ca6b8a000462@spider2-dbn2.rhcloud.com/
tar -zxvf /data/zhidao/20150501_543a84935973ca6b8a000462@spider2-dbn2.rhcloud.com.tar.gz -C /data/zhidao/20150501_543a84935973ca6b8a000462@spider2-dbn2.rhcloud.com/
rm -rf /data/zhidao/20150501_546472a25973ca570100008f@spider30-dbn10.rhcloud.com/
mkdir /data/zhidao/20150501_546472a25973ca570100008f@spider30-dbn10.rhcloud.com/
tar -zxvf /data/zhidao/20150501_546472a25973ca570100008f@spider30-dbn10.rhcloud.com.tar.gz -C /data/zhidao/20150501_546472a25973ca570100008f@spider30-dbn10.rhcloud.com/
rm -rf /data/zhidao/20150501_5445074a4382eca364000483@spider20-dbn7.rhcloud.com/
mkdir /data/zhidao/20150501_5445074a4382eca364000483@spider20-dbn7.rhcloud.com/
tar -zxvf /data/zhidao/20150501_5445074a4382eca364000483@spider20-dbn7.rhcloud.com.tar.gz -C /data/zhidao/20150501_5445074a4382eca364000483@spider20-dbn7.rhcloud.com/
rm -rf /data/zhidao/20150501_543a70ed5973ca017e00006f@spider2-dbn.rhcloud.com/
mkdir /data/zhidao/20150501_543a70ed5973ca017e00006f@spider2-dbn.rhcloud.com/
tar -zxvf /data/zhidao/20150501_543a70ed5973ca017e00006f@spider2-dbn.rhcloud.com.tar.gz -C /data/zhidao/20150501_543a70ed5973ca017e00006f@spider2-dbn.rhcloud.com/
rm -rf /data/zhidao/20150501_546471b0e0b8cd8060000123@spider28-dbn10.rhcloud.com/
mkdir /data/zhidao/20150501_546471b0e0b8cd8060000123@spider28-dbn10.rhcloud.com/
tar -zxvf /data/zhidao/20150501_546471b0e0b8cd8060000123@spider28-dbn10.rhcloud.com.tar.gz -C /data/zhidao/20150501_546471b0e0b8cd8060000123@spider28-dbn10.rhcloud.com/
rm -rf /data/zhidao/20150501_54646f4e5973ca18290000b9@spider27-dbn9.rhcloud.com/
mkdir /data/zhidao/20150501_54646f4e5973ca18290000b9@spider27-dbn9.rhcloud.com/
tar -zxvf /data/zhidao/20150501_54646f4e5973ca18290000b9@spider27-dbn9.rhcloud.com.tar.gz -C /data/zhidao/20150501_54646f4e5973ca18290000b9@spider27-dbn9.rhcloud.com/
rm -rf /data/zhidao/20150501_5464723fe0b8cd8060000146@spider29-dbn10.rhcloud.com/
mkdir /data/zhidao/20150501_5464723fe0b8cd8060000146@spider29-dbn10.rhcloud.com/
tar -zxvf /data/zhidao/20150501_5464723fe0b8cd8060000146@spider29-dbn10.rhcloud.com.tar.gz -C /data/zhidao/20150501_5464723fe0b8cd8060000146@spider29-dbn10.rhcloud.com/
rm -rf /data/zhidao/20150501_543f9276e0b8cdf590001890@spider14-dbn5.rhcloud.com/
mkdir /data/zhidao/20150501_543f9276e0b8cdf590001890@spider14-dbn5.rhcloud.com/
tar -zxvf /data/zhidao/20150501_543f9276e0b8cdf590001890@spider14-dbn5.rhcloud.com.tar.gz -C /data/zhidao/20150501_543f9276e0b8cdf590001890@spider14-dbn5.rhcloud.com/
rm -rf /data/zhidao/20150501_54646e1f5973ca0b610000c5@spider26-dbn9.rhcloud.com/
mkdir /data/zhidao/20150501_54646e1f5973ca0b610000c5@spider26-dbn9.rhcloud.com/
tar -zxvf /data/zhidao/20150501_54646e1f5973ca0b610000c5@spider26-dbn9.rhcloud.com.tar.gz -C /data/zhidao/20150501_54646e1f5973ca0b610000c5@spider26-dbn9.rhcloud.com/
rm -rf /data/zhidao/20150501_5444ed7fe0b8cdbc8f0000e8@spider16-dbn6.rhcloud.com/
mkdir /data/zhidao/20150501_5444ed7fe0b8cdbc8f0000e8@spider16-dbn6.rhcloud.com/
tar -zxvf /data/zhidao/20150501_5444ed7fe0b8cdbc8f0000e8@spider16-dbn6.rhcloud.com.tar.gz -C /data/zhidao/20150501_5444ed7fe0b8cdbc8f0000e8@spider16-dbn6.rhcloud.com/
rm -rf /data/zhidao/20150501_543a693e5973ca6b8a000203@spider1-dbn.rhcloud.com/
mkdir /data/zhidao/20150501_543a693e5973ca6b8a000203@spider1-dbn.rhcloud.com/
tar -zxvf /data/zhidao/20150501_543a693e5973ca6b8a000203@spider1-dbn.rhcloud.com.tar.gz -C /data/zhidao/20150501_543a693e5973ca6b8a000203@spider1-dbn.rhcloud.com/
rm -rf /data/zhidao/20150501_543a84ede0b8cd610b00046b@spider3-dbn2.rhcloud.com/
mkdir /data/zhidao/20150501_543a84ede0b8cd610b00046b@spider3-dbn2.rhcloud.com/
tar -zxvf /data/zhidao/20150501_543a84ede0b8cd610b00046b@spider3-dbn2.rhcloud.com.tar.gz -C /data/zhidao/20150501_543a84ede0b8cd610b00046b@spider3-dbn2.rhcloud.com/
rm -rf /data/zhidao/20150501_543a91bd4382ecd226000509@spider2-dbn3.rhcloud.com/
mkdir /data/zhidao/20150501_543a91bd4382ecd226000509@spider2-dbn3.rhcloud.com/
tar -zxvf /data/zhidao/20150501_543a91bd4382ecd226000509@spider2-dbn3.rhcloud.com.tar.gz -C /data/zhidao/20150501_543a91bd4382ecd226000509@spider2-dbn3.rhcloud.com/
rm -rf /data/zhidao/20150501_5445031f5004469e9d00007d@spider17-dbn6.rhcloud.com/
mkdir /data/zhidao/20150501_5445031f5004469e9d00007d@spider17-dbn6.rhcloud.com/
tar -zxvf /data/zhidao/20150501_5445031f5004469e9d00007d@spider17-dbn6.rhcloud.com.tar.gz -C /data/zhidao/20150501_5445031f5004469e9d00007d@spider17-dbn6.rhcloud.com/
rm -rf /data/zhidao/20150501_543a92c25973ca8264000611@spider3-dbn3.rhcloud.com/
mkdir /data/zhidao/20150501_543a92c25973ca8264000611@spider3-dbn3.rhcloud.com/
tar -zxvf /data/zhidao/20150501_543a92c25973ca8264000611@spider3-dbn3.rhcloud.com.tar.gz -C /data/zhidao/20150501_543a92c25973ca8264000611@spider3-dbn3.rhcloud.com/
rm -rf /data/zhidao/20150501_5445060b5973ca01390003cf@spider19-dbn7.rhcloud.com/
mkdir /data/zhidao/20150501_5445060b5973ca01390003cf@spider19-dbn7.rhcloud.com/
tar -zxvf /data/zhidao/20150501_5445060b5973ca01390003cf@spider19-dbn7.rhcloud.com.tar.gz -C /data/zhidao/20150501_5445060b5973ca01390003cf@spider19-dbn7.rhcloud.com/
rm /data/zhidao/20150501.finish
not finded new package
not finded new package
not finded new package
not finded new package
finded new package 20150502
rm -rf /data/zhidao/20150502_543a7e3de0b8cd5c230009b8@spider2-dbn1.rhcloud.com/
mkdir /data/zhidao/20150502_543a7e3de0b8cd5c230009b8@spider2-dbn1.rhcloud.com/
tar -zxvf /data/zhidao/20150502_543a7e3de0b8cd5c230009b8@spider2-dbn1.rhcloud.com.tar.gz -C /data/zhidao/20150502_543a7e3de0b8cd5c230009b8@spider2-dbn1.rhcloud.com/
rm -rf /data/zhidao/20150502_546472a25973ca570100008f@spider30-dbn10.rhcloud.com/
mkdir /data/zhidao/20150502_546472a25973ca570100008f@spider30-dbn10.rhcloud.com/
tar -zxvf /data/zhidao/20150502_546472a25973ca570100008f@spider30-dbn10.rhcloud.com.tar.gz -C /data/zhidao/20150502_546472a25973ca570100008f@spider30-dbn10.rhcloud.com/
rm -rf /data/zhidao/20150502_543f9276e0b8cdf590001890@spider14-dbn5.rhcloud.com/
mkdir /data/zhidao/20150502_543f9276e0b8cdf590001890@spider14-dbn5.rhcloud.com/
tar -zxvf /data/zhidao/20150502_543f9276e0b8cdf590001890@spider14-dbn5.rhcloud.com.tar.gz -C /data/zhidao/20150502_543f9276e0b8cdf590001890@spider14-dbn5.rhcloud.com/
rm -rf /data/zhidao/20150502_543a712e5973ca6b8a000296@spider3-dbn.rhcloud.com/
mkdir /data/zhidao/20150502_543a712e5973ca6b8a000296@spider3-dbn.rhcloud.com/
tar -zxvf /data/zhidao/20150502_543a712e5973ca6b8a000296@spider3-dbn.rhcloud.com.tar.gz -C /data/zhidao/20150502_543a712e5973ca6b8a000296@spider3-dbn.rhcloud.com/
rm -rf /data/zhidao/20150502_543f91aee0b8cdaf6900014a@spider13-dbn5.rhcloud.com/
mkdir /data/zhidao/20150502_543f91aee0b8cdaf6900014a@spider13-dbn5.rhcloud.com/
tar -zxvf /data/zhidao/20150502_543f91aee0b8cdaf6900014a@spider13-dbn5.rhcloud.com.tar.gz -C /data/zhidao/20150502_543f91aee0b8cdaf6900014a@spider13-dbn5.rhcloud.com/
rm -rf /data/zhidao/20150502_54646f4e5973ca18290000b9@spider27-dbn9.rhcloud.com/
mkdir /data/zhidao/20150502_54646f4e5973ca18290000b9@spider27-dbn9.rhcloud.com/
tar -zxvf /data/zhidao/20150502_54646f4e5973ca18290000b9@spider27-dbn9.rhcloud.com.tar.gz -C /data/zhidao/20150502_54646f4e5973ca18290000b9@spider27-dbn9.rhcloud.com/
rm -rf /data/zhidao/20150502_543a693e5973ca6b8a000203@spider1-dbn.rhcloud.com/
mkdir /data/zhidao/20150502_543a693e5973ca6b8a000203@spider1-dbn.rhcloud.com/
tar -zxvf /data/zhidao/20150502_543a693e5973ca6b8a000203@spider1-dbn.rhcloud.com.tar.gz -C /data/zhidao/20150502_543a693e5973ca6b8a000203@spider1-dbn.rhcloud.com/
rm -rf /data/zhidao/20150502_54646e1f5973ca0b610000c5@spider26-dbn9.rhcloud.com/
mkdir /data/zhidao/20150502_54646e1f5973ca0b610000c5@spider26-dbn9.rhcloud.com/
tar -zxvf /data/zhidao/20150502_54646e1f5973ca0b610000c5@spider26-dbn9.rhcloud.com.tar.gz -C /data/zhidao/20150502_54646e1f5973ca0b610000c5@spider26-dbn9.rhcloud.com/
rm -rf /data/zhidao/20150502_543a92c25973ca8264000611@spider3-dbn3.rhcloud.com/
mkdir /data/zhidao/20150502_543a92c25973ca8264000611@spider3-dbn3.rhcloud.com/
tar -zxvf /data/zhidao/20150502_543a92c25973ca8264000611@spider3-dbn3.rhcloud.com.tar.gz -C /data/zhidao/20150502_543a92c25973ca8264000611@spider3-dbn3.rhcloud.com/
rm -rf /data/zhidao/20150502_544507cd4382ec4950000599@spider21-dbn7.rhcloud.com/
mkdir /data/zhidao/20150502_544507cd4382ec4950000599@spider21-dbn7.rhcloud.com/
tar -zxvf /data/zhidao/20150502_544507cd4382ec4950000599@spider21-dbn7.rhcloud.com.tar.gz -C /data/zhidao/20150502_544507cd4382ec4950000599@spider21-dbn7.rhcloud.com/
rm -rf /data/zhidao/20150502_5464723fe0b8cd8060000146@spider29-dbn10.rhcloud.com/
mkdir /data/zhidao/20150502_5464723fe0b8cd8060000146@spider29-dbn10.rhcloud.com/
tar -zxvf /data/zhidao/20150502_5464723fe0b8cd8060000146@spider29-dbn10.rhcloud.com.tar.gz -C /data/zhidao/20150502_5464723fe0b8cd8060000146@spider29-dbn10.rhcloud.com/
rm -rf /data/zhidao/20150502_546471b0e0b8cd8060000123@spider28-dbn10.rhcloud.com/
mkdir /data/zhidao/20150502_546471b0e0b8cd8060000123@spider28-dbn10.rhcloud.com/
tar -zxvf /data/zhidao/20150502_546471b0e0b8cd8060000123@spider28-dbn10.rhcloud.com.tar.gz -C /data/zhidao/20150502_546471b0e0b8cd8060000123@spider28-dbn10.rhcloud.com/
rm -rf /data/zhidao/20150502_543a84ede0b8cd610b00046b@spider3-dbn2.rhcloud.com/
mkdir /data/zhidao/20150502_543a84ede0b8cd610b00046b@spider3-dbn2.rhcloud.com/
tar -zxvf /data/zhidao/20150502_543a84ede0b8cd610b00046b@spider3-dbn2.rhcloud.com.tar.gz -C /data/zhidao/20150502_543a84ede0b8cd610b00046b@spider3-dbn2.rhcloud.com/
rm -rf /data/zhidao/20150502_54450a355004464b58000710@spider24-dbn8.rhcloud.com/
mkdir /data/zhidao/20150502_54450a355004464b58000710@spider24-dbn8.rhcloud.com/
tar -zxvf /data/zhidao/20150502_54450a355004464b58000710@spider24-dbn8.rhcloud.com.tar.gz -C /data/zhidao/20150502_54450a355004464b58000710@spider24-dbn8.rhcloud.com/
rm -rf /data/zhidao/20150502_544508f1500446f5f4000425@spider22-dbn8.rhcloud.com/
mkdir /data/zhidao/20150502_544508f1500446f5f4000425@spider22-dbn8.rhcloud.com/
tar -zxvf /data/zhidao/20150502_544508f1500446f5f4000425@spider22-dbn8.rhcloud.com.tar.gz -C /data/zhidao/20150502_544508f1500446f5f4000425@spider22-dbn8.rhcloud.com/
rm -rf /data/zhidao/20150502_543a91bd4382ecd226000509@spider2-dbn3.rhcloud.com/
mkdir /data/zhidao/20150502_543a91bd4382ecd226000509@spider2-dbn3.rhcloud.com/
tar -zxvf /data/zhidao/20150502_543a91bd4382ecd226000509@spider2-dbn3.rhcloud.com.tar.gz -C /data/zhidao/20150502_543a91bd4382ecd226000509@spider2-dbn3.rhcloud.com/
rm -rf /data/zhidao/20150502_5444ed7fe0b8cdbc8f0000e8@spider16-dbn6.rhcloud.com/
mkdir /data/zhidao/20150502_5444ed7fe0b8cdbc8f0000e8@spider16-dbn6.rhcloud.com/
tar -zxvf /data/zhidao/20150502_5444ed7fe0b8cdbc8f0000e8@spider16-dbn6.rhcloud.com.tar.gz -C /data/zhidao/20150502_5444ed7fe0b8cdbc8f0000e8@spider16-dbn6.rhcloud.com/
rm -rf /data/zhidao/20150502_543a90d04382ecd2260004e9@spider1-dbn3.rhcloud.com/
mkdir /data/zhidao/20150502_543a90d04382ecd2260004e9@spider1-dbn3.rhcloud.com/
tar -zxvf /data/zhidao/20150502_543a90d04382ecd2260004e9@spider1-dbn3.rhcloud.com.tar.gz -C /data/zhidao/20150502_543a90d04382ecd2260004e9@spider1-dbn3.rhcloud.com/
rm -rf /data/zhidao/20150502_5445074a4382eca364000483@spider20-dbn7.rhcloud.com/
mkdir /data/zhidao/20150502_5445074a4382eca364000483@spider20-dbn7.rhcloud.com/
tar -zxvf /data/zhidao/20150502_5445074a4382eca364000483@spider20-dbn7.rhcloud.com.tar.gz -C /data/zhidao/20150502_5445074a4382eca364000483@spider20-dbn7.rhcloud.com/
rm -rf /data/zhidao/20150502_5445031f5004469e9d00007d@spider17-dbn6.rhcloud.com/
mkdir /data/zhidao/20150502_5445031f5004469e9d00007d@spider17-dbn6.rhcloud.com/
tar -zxvf /data/zhidao/20150502_5445031f5004469e9d00007d@spider17-dbn6.rhcloud.com.tar.gz -C /data/zhidao/20150502_5445031f5004469e9d00007d@spider17-dbn6.rhcloud.com/
rm -rf /data/zhidao/20150502_5445060b5973ca01390003cf@spider19-dbn7.rhcloud.com/
mkdir /data/zhidao/20150502_5445060b5973ca01390003cf@spider19-dbn7.rhcloud.com/
tar -zxvf /data/zhidao/20150502_5445060b5973ca01390003cf@spider19-dbn7.rhcloud.com.tar.gz -C /data/zhidao/20150502_5445060b5973ca01390003cf@spider19-dbn7.rhcloud.com/
rm -rf /data/zhidao/20150502_543a84935973ca6b8a000462@spider2-dbn2.rhcloud.com/
mkdir /data/zhidao/20150502_543a84935973ca6b8a000462@spider2-dbn2.rhcloud.com/
tar -zxvf /data/zhidao/20150502_543a84935973ca6b8a000462@spider2-dbn2.rhcloud.com.tar.gz -C /data/zhidao/20150502_543a84935973ca6b8a000462@spider2-dbn2.rhcloud.com/
rm -rf /data/zhidao/20150502_544503fb4382ec935c000050@spider18-dbn6.rhcloud.com/
mkdir /data/zhidao/20150502_544503fb4382ec935c000050@spider18-dbn6.rhcloud.com/
tar -zxvf /data/zhidao/20150502_544503fb4382ec935c000050@spider18-dbn6.rhcloud.com.tar.gz -C /data/zhidao/20150502_544503fb4382ec935c000050@spider18-dbn6.rhcloud.com/
rm -rf /data/zhidao/20150502_543a70ed5973ca017e00006f@spider2-dbn.rhcloud.com/
mkdir /data/zhidao/20150502_543a70ed5973ca017e00006f@spider2-dbn.rhcloud.com/
tar -zxvf /data/zhidao/20150502_543a70ed5973ca017e00006f@spider2-dbn.rhcloud.com.tar.gz -C /data/zhidao/20150502_543a70ed5973ca017e00006f@spider2-dbn.rhcloud.com/
rm /data/zhidao/20150502.finish
not finded new package
not finded new package
not finded new package
not finded new package
finded new package 20150503
rm -rf /data/zhidao/20150503_543a693e5973ca6b8a000203@spider1-dbn.rhcloud.com/
mkdir /data/zhidao/20150503_543a693e5973ca6b8a000203@spider1-dbn.rhcloud.com/
tar -zxvf /data/zhidao/20150503_543a693e5973ca6b8a000203@spider1-dbn.rhcloud.com.tar.gz -C /data/zhidao/20150503_543a693e5973ca6b8a000203@spider1-dbn.rhcloud.com/
rm -rf /data/zhidao/20150503_544508f1500446f5f4000425@spider22-dbn8.rhcloud.com/
mkdir /data/zhidao/20150503_544508f1500446f5f4000425@spider22-dbn8.rhcloud.com/
tar -zxvf /data/zhidao/20150503_544508f1500446f5f4000425@spider22-dbn8.rhcloud.com.tar.gz -C /data/zhidao/20150503_544508f1500446f5f4000425@spider22-dbn8.rhcloud.com/
rm -rf /data/zhidao/20150503_543a7e3de0b8cd5c230009b8@spider2-dbn1.rhcloud.com/
mkdir /data/zhidao/20150503_543a7e3de0b8cd5c230009b8@spider2-dbn1.rhcloud.com/
tar -zxvf /data/zhidao/20150503_543a7e3de0b8cd5c230009b8@spider2-dbn1.rhcloud.com.tar.gz -C /data/zhidao/20150503_543a7e3de0b8cd5c230009b8@spider2-dbn1.rhcloud.com/
rm -rf /data/zhidao/20150503_543a84ede0b8cd610b00046b@spider3-dbn2.rhcloud.com/
mkdir /data/zhidao/20150503_543a84ede0b8cd610b00046b@spider3-dbn2.rhcloud.com/
tar -zxvf /data/zhidao/20150503_543a84ede0b8cd610b00046b@spider3-dbn2.rhcloud.com.tar.gz -C /data/zhidao/20150503_543a84ede0b8cd610b00046b@spider3-dbn2.rhcloud.com/
rm -rf /data/zhidao/20150503_5445074a4382eca364000483@spider20-dbn7.rhcloud.com/
mkdir /data/zhidao/20150503_5445074a4382eca364000483@spider20-dbn7.rhcloud.com/
tar -zxvf /data/zhidao/20150503_5445074a4382eca364000483@spider20-dbn7.rhcloud.com.tar.gz -C /data/zhidao/20150503_5445074a4382eca364000483@spider20-dbn7.rhcloud.com/
rm -rf /data/zhidao/20150503_543a90d04382ecd2260004e9@spider1-dbn3.rhcloud.com/
mkdir /data/zhidao/20150503_543a90d04382ecd2260004e9@spider1-dbn3.rhcloud.com/
tar -zxvf /data/zhidao/20150503_543a90d04382ecd2260004e9@spider1-dbn3.rhcloud.com.tar.gz -C /data/zhidao/20150503_543a90d04382ecd2260004e9@spider1-dbn3.rhcloud.com/
rm -rf /data/zhidao/20150503_543a84935973ca6b8a000462@spider2-dbn2.rhcloud.com/
mkdir /data/zhidao/20150503_543a84935973ca6b8a000462@spider2-dbn2.rhcloud.com/
tar -zxvf /data/zhidao/20150503_543a84935973ca6b8a000462@spider2-dbn2.rhcloud.com.tar.gz -C /data/zhidao/20150503_543a84935973ca6b8a000462@spider2-dbn2.rhcloud.com/
rm -rf /data/zhidao/20150503_544503fb4382ec935c000050@spider18-dbn6.rhcloud.com/
mkdir /data/zhidao/20150503_544503fb4382ec935c000050@spider18-dbn6.rhcloud.com/
tar -zxvf /data/zhidao/20150503_544503fb4382ec935c000050@spider18-dbn6.rhcloud.com.tar.gz -C /data/zhidao/20150503_544503fb4382ec935c000050@spider18-dbn6.rhcloud.com/
rm -rf /data/zhidao/20150503_546471b0e0b8cd8060000123@spider28-dbn10.rhcloud.com/
mkdir /data/zhidao/20150503_546471b0e0b8cd8060000123@spider28-dbn10.rhcloud.com/
tar -zxvf /data/zhidao/20150503_546471b0e0b8cd8060000123@spider28-dbn10.rhcloud.com.tar.gz -C /data/zhidao/20150503_546471b0e0b8cd8060000123@spider28-dbn10.rhcloud.com/
rm -rf /data/zhidao/20150503_54646e1f5973ca0b610000c5@spider26-dbn9.rhcloud.com/
mkdir /data/zhidao/20150503_54646e1f5973ca0b610000c5@spider26-dbn9.rhcloud.com/
tar -zxvf /data/zhidao/20150503_54646e1f5973ca0b610000c5@spider26-dbn9.rhcloud.com.tar.gz -C /data/zhidao/20150503_54646e1f5973ca0b610000c5@spider26-dbn9.rhcloud.com/
rm -rf /data/zhidao/20150503_543a91bd4382ecd226000509@spider2-dbn3.rhcloud.com/
mkdir /data/zhidao/20150503_543a91bd4382ecd226000509@spider2-dbn3.rhcloud.com/
tar -zxvf /data/zhidao/20150503_543a91bd4382ecd226000509@spider2-dbn3.rhcloud.com.tar.gz -C /data/zhidao/20150503_543a91bd4382ecd226000509@spider2-dbn3.rhcloud.com/
rm -rf /data/zhidao/20150503_54646f4e5973ca18290000b9@spider27-dbn9.rhcloud.com/
mkdir /data/zhidao/20150503_54646f4e5973ca18290000b9@spider27-dbn9.rhcloud.com/
tar -zxvf /data/zhidao/20150503_54646f4e5973ca18290000b9@spider27-dbn9.rhcloud.com.tar.gz -C /data/zhidao/20150503_54646f4e5973ca18290000b9@spider27-dbn9.rhcloud.com/
rm -rf /data/zhidao/20150503_54450a355004464b58000710@spider24-dbn8.rhcloud.com/
mkdir /data/zhidao/20150503_54450a355004464b58000710@spider24-dbn8.rhcloud.com/
tar -zxvf /data/zhidao/20150503_54450a355004464b58000710@spider24-dbn8.rhcloud.com.tar.gz -C /data/zhidao/20150503_54450a355004464b58000710@spider24-dbn8.rhcloud.com/
rm -rf /data/zhidao/20150503_5444ed7fe0b8cdbc8f0000e8@spider16-dbn6.rhcloud.com/
mkdir /data/zhidao/20150503_5444ed7fe0b8cdbc8f0000e8@spider16-dbn6.rhcloud.com/
tar -zxvf /data/zhidao/20150503_5444ed7fe0b8cdbc8f0000e8@spider16-dbn6.rhcloud.com.tar.gz -C /data/zhidao/20150503_5444ed7fe0b8cdbc8f0000e8@spider16-dbn6.rhcloud.com/
rm -rf /data/zhidao/20150503_5445031f5004469e9d00007d@spider17-dbn6.rhcloud.com/
mkdir /data/zhidao/20150503_5445031f5004469e9d00007d@spider17-dbn6.rhcloud.com/
tar -zxvf /data/zhidao/20150503_5445031f5004469e9d00007d@spider17-dbn6.rhcloud.com.tar.gz -C /data/zhidao/20150503_5445031f5004469e9d00007d@spider17-dbn6.rhcloud.com/
rm -rf /data/zhidao/20150503_54646b62ecb8d437130006ee@spider25-dbn9.rhcloud.com/
mkdir /data/zhidao/20150503_54646b62ecb8d437130006ee@spider25-dbn9.rhcloud.com/
tar -zxvf /data/zhidao/20150503_54646b62ecb8d437130006ee@spider25-dbn9.rhcloud.com.tar.gz -C /data/zhidao/20150503_54646b62ecb8d437130006ee@spider25-dbn9.rhcloud.com/
rm -rf /data/zhidao/20150503_543a70ed5973ca017e00006f@spider2-dbn.rhcloud.com/
mkdir /data/zhidao/20150503_543a70ed5973ca017e00006f@spider2-dbn.rhcloud.com/
tar -zxvf /data/zhidao/20150503_543a70ed5973ca017e00006f@spider2-dbn.rhcloud.com.tar.gz -C /data/zhidao/20150503_543a70ed5973ca017e00006f@spider2-dbn.rhcloud.com/
rm -rf /data/zhidao/20150503_543f9276e0b8cdf590001890@spider14-dbn5.rhcloud.com/
mkdir /data/zhidao/20150503_543f9276e0b8cdf590001890@spider14-dbn5.rhcloud.com/
tar -zxvf /data/zhidao/20150503_543f9276e0b8cdf590001890@spider14-dbn5.rhcloud.com.tar.gz -C /data/zhidao/20150503_543f9276e0b8cdf590001890@spider14-dbn5.rhcloud.com/
rm -rf /data/zhidao/20150503_546472a25973ca570100008f@spider30-dbn10.rhcloud.com/
mkdir /data/zhidao/20150503_546472a25973ca570100008f@spider30-dbn10.rhcloud.com/
tar -zxvf /data/zhidao/20150503_546472a25973ca570100008f@spider30-dbn10.rhcloud.com.tar.gz -C /data/zhidao/20150503_546472a25973ca570100008f@spider30-dbn10.rhcloud.com/
rm -rf /data/zhidao/20150503_5445060b5973ca01390003cf@spider19-dbn7.rhcloud.com/
mkdir /data/zhidao/20150503_5445060b5973ca01390003cf@spider19-dbn7.rhcloud.com/
tar -zxvf /data/zhidao/20150503_5445060b5973ca01390003cf@spider19-dbn7.rhcloud.com.tar.gz -C /data/zhidao/20150503_5445060b5973ca01390003cf@spider19-dbn7.rhcloud.com/
rm -rf /data/zhidao/20150503_543a92c25973ca8264000611@spider3-dbn3.rhcloud.com/
mkdir /data/zhidao/20150503_543a92c25973ca8264000611@spider3-dbn3.rhcloud.com/
tar -zxvf /data/zhidao/20150503_543a92c25973ca8264000611@spider3-dbn3.rhcloud.com.tar.gz -C /data/zhidao/20150503_543a92c25973ca8264000611@spider3-dbn3.rhcloud.com/
rm -rf /data/zhidao/20150503_5464723fe0b8cd8060000146@spider29-dbn10.rhcloud.com/
mkdir /data/zhidao/20150503_5464723fe0b8cd8060000146@spider29-dbn10.rhcloud.com/
tar -zxvf /data/zhidao/20150503_5464723fe0b8cd8060000146@spider29-dbn10.rhcloud.com.tar.gz -C /data/zhidao/20150503_5464723fe0b8cd8060000146@spider29-dbn10.rhcloud.com/
rm -rf /data/zhidao/20150503_544507cd4382ec4950000599@spider21-dbn7.rhcloud.com/
mkdir /data/zhidao/20150503_544507cd4382ec4950000599@spider21-dbn7.rhcloud.com/
tar -zxvf /data/zhidao/20150503_544507cd4382ec4950000599@spider21-dbn7.rhcloud.com.tar.gz -C /data/zhidao/20150503_544507cd4382ec4950000599@spider21-dbn7.rhcloud.com/
rm -rf /data/zhidao/20150503_543f91aee0b8cdaf6900014a@spider13-dbn5.rhcloud.com/
mkdir /data/zhidao/20150503_543f91aee0b8cdaf6900014a@spider13-dbn5.rhcloud.com/
tar -zxvf /data/zhidao/20150503_543f91aee0b8cdaf6900014a@spider13-dbn5.rhcloud.com.tar.gz -C /data/zhidao/20150503_543f91aee0b8cdaf6900014a@spider13-dbn5.rhcloud.com/
rm -rf /data/zhidao/20150503_543a712e5973ca6b8a000296@spider3-dbn.rhcloud.com/
mkdir /data/zhidao/20150503_543a712e5973ca6b8a000296@spider3-dbn.rhcloud.com/
tar -zxvf /data/zhidao/20150503_543a712e5973ca6b8a000296@spider3-dbn.rhcloud.com.tar.gz -C /data/zhidao/20150503_543a712e5973ca6b8a000296@spider3-dbn.rhcloud.com/
rm /data/zhidao/20150503.finish
not finded new package
not finded new package
